2025-12-05 19:53:42,338 - __main__ - INFO - 🤖 Invite-Bot läuft …
2025-12-05 19:53:42,491 - httpx - INFO - HTTP Request: POST https://api.telegram.org/bot7635905106:AAHuzxw5lw3fhXHx_8b9Wlw_WwGVxACbKAA/getMe "HTTP/1.1 200 OK"
2025-12-05 19:53:42,514 - httpx - INFO - HTTP Request: POST https://api.telegram.org/bot7635905106:AAHuzxw5lw3fhXHx_8b9Wlw_WwGVxACbKAA/deleteWebhook "HTTP/1.1 200 OK"
2025-12-05 19:53:42,527 - apscheduler.scheduler - INFO - Scheduler started
2025-12-05 19:53:42,529 - telegram.ext.Application - INFO - Application started
2025-12-05 19:53:44,985 - httpx - INFO - HTTP Request: POST https://api.telegram.org/bot7635905106:AAHuzxw5lw3fhXHx_8b9Wlw_WwGVxACbKAA/getUpdates "HTTP/1.1 200 OK"
2025-12-05 19:53:45,032 - httpx - INFO - HTTP Request: POST https://api.telegram.org/bot7635905106:AAHuzxw5lw3fhXHx_8b9Wlw_WwGVxACbKAA/sendMessage "HTTP/1.1 200 OK"
2025-12-05 19:53:46,286 - httpx - INFO - HTTP Request: POST https://api.telegram.org/bot7635905106:AAHuzxw5lw3fhXHx_8b9Wlw_WwGVxACbKAA/getUpdates "HTTP/1.1 200 OK"
2025-12-05 19:53:46,397 - httpx - INFO - HTTP Request: POST https://api.telegram.org/bot7635905106:AAHuzxw5lw3fhXHx_8b9Wlw_WwGVxACbKAA/sendMessage "HTTP/1.1 200 OK"
2025-12-05 19:53:51,812 - httpx - INFO - HTTP Request: POST https://api.telegram.org/bot7635905106:AAHuzxw5lw3fhXHx_8b9Wlw_WwGVxACbKAA/getUpdates "HTTP/1.1 200 OK"
2025-12-05 19:53:51,874 - httpx - INFO - HTTP Request: POST https://api.telegram.org/bot7635905106:AAHuzxw5lw3fhXHx_8b9Wlw_WwGVxACbKAA/sendMessage "HTTP/1.1 200 OK"
2025-12-05 19:53:54,682 - httpx - INFO - HTTP Request: POST https://api.telegram.org/bot7635905106:AAHuzxw5lw3fhXHx_8b9Wlw_WwGVxACbKAA/getUpdates "HTTP/1.1 200 OK"
2025-12-05 19:53:54,719 - httpx - INFO - HTTP Request: POST https://api.telegram.org/bot7635905106:AAHuzxw5lw3fhXHx_8b9Wlw_WwGVxACbKAA/sendMessage "HTTP/1.1 200 OK"
2025-12-05 19:53:56,679 - httpx - INFO - HTTP Request: POST https://api.telegram.org/bot7635905106:AAHuzxw5lw3fhXHx_8b9Wlw_WwGVxACbKAA/getUpdates "HTTP/1.1 200 OK"
2025-12-05 19:53:56,744 - httpx - INFO - HTTP Request: POST https://api.telegram.org/bot7635905106:AAHuzxw5lw3fhXHx_8b9Wlw_WwGVxACbKAA/sendMessage "HTTP/1.1 200 OK"
2025-12-05 19:54:00,290 - httpx - INFO - HTTP Request: POST https://api.telegram.org/bot7635905106:AAHuzxw5lw3fhXHx_8b9Wlw_WwGVxACbKAA/getUpdates "HTTP/1.1 200 OK"
2025-12-05 19:54:00,325 - httpx - INFO - HTTP Request: POST https://api.telegram.org/bot7635905106:AAHuzxw5lw3fhXHx_8b9Wlw_WwGVxACbKAA/sendMessage "HTTP/1.1 200 OK"
2025-12-05 19:54:05,792 - httpx - INFO - HTTP Request: POST https://api.telegram.org/bot7635905106:AAHuzxw5lw3fhXHx_8b9Wlw_WwGVxACbKAA/getUpdates "HTTP/1.1 200 OK"
2025-12-05 19:54:05,871 - httpx - INFO - HTTP Request: POST https://api.telegram.org/bot7635905106:AAHuzxw5lw3fhXHx_8b9Wlw_WwGVxACbKAA/sendMessage "HTTP/1.1 200 OK"
2025-12-05 19:54:06,620 - httpx - INFO - HTTP Request: POST https://api.telegram.org/bot7635905106:AAHuzxw5lw3fhXHx_8b9Wlw_WwGVxACbKAA/getUpdates "HTTP/1.1 200 OK"
2025-12-05 19:54:06,662 - httpx - INFO - HTTP Request: POST https://api.telegram.org/bot7635905106:AAHuzxw5lw3fhXHx_8b9Wlw_WwGVxACbKAA/sendMessage "HTTP/1.1 200 OK"
2025-12-05 19:54:07,760 - httpx - INFO - HTTP Request: POST https://api.telegram.org/bot7635905106:AAHuzxw5lw3fhXHx_8b9Wlw_WwGVxACbKAA/getUpdates "HTTP/1.1 200 OK"
2025-12-05 19:54:07,810 - httpx - INFO - HTTP Request: POST https://api.telegram.org/bot7635905106:AAHuzxw5lw3fhXHx_8b9Wlw_WwGVxACbKAA/sendMessage "HTTP/1.1 200 OK"
2025-12-05 19:54:08,909 - httpx - INFO - HTTP Request: POST https://api.telegram.org/bot7635905106:AAHuzxw5lw3fhXHx_8b9Wlw_WwGVxACbKAA/getUpdates "HTTP/1.1 200 OK"
2025-12-05 19:54:08,954 - httpx - INFO - HTTP Request: POST https://api.telegram.org/bot7635905106:AAHuzxw5lw3fhXHx_8b9Wlw_WwGVxACbKAA/sendMessage "HTTP/1.1 200 OK"
2025-12-05 19:54:12,038 - httpx - INFO - HTTP Request: POST https://api.telegram.org/bot7635905106:AAHuzxw5lw3fhXHx_8b9Wlw_WwGVxACbKAA/getUpdates "HTTP/1.1 200 OK"
2025-12-05 19:54:12,085 - httpx - INFO - HTTP Request: POST https://api.telegram.org/bot7635905106:AAHuzxw5lw3fhXHx_8b9Wlw_WwGVxACbKAA/sendMessage "HTTP/1.1 200 OK"
2025-12-05 19:54:13,693 - httpx - INFO - HTTP Request: POST https://api.telegram.org/bot7635905106:AAHuzxw5lw3fhXHx_8b9Wlw_WwGVxACbKAA/getUpdates "HTTP/1.1 200 OK"
2025-12-05 19:54:13,732 - httpx - INFO - HTTP Request: POST https://api.telegram.org/bot7635905106:AAHuzxw5lw3fhXHx_8b9Wlw_WwGVxACbKAA/createChatInviteLink "HTTP/1.1 200 OK"
2025-12-05 19:54:13,794 - httpx - INFO - HTTP Request: POST https://api.telegram.org/bot7635905106:AAHuzxw5lw3fhXHx_8b9Wlw_WwGVxACbKAA/sendMessage "HTTP/1.1 200 OK"
2025-12-05 19:54:23,714 - httpx - INFO - HTTP Request: POST https://api.telegram.org/bot7635905106:AAHuzxw5lw3fhXHx_8b9Wlw_WwGVxACbKAA/getUpdates "HTTP/1.1 200 OK"
2025-12-05 19:54:33,733 - httpx - INFO - HTTP Request: POST https://api.telegram.org/bot7635905106:AAHuzxw5lw3fhXHx_8b9Wlw_WwGVxACbKAA/getUpdates "HTTP/1.1 200 OK"
2025-12-05 19:54:43,744 - httpx - INFO - HTTP Request: POST https://api.telegram.org/bot7635905106:AAHuzxw5lw3fhXHx_8b9Wlw_WwGVxACbKAA/getUpdates "HTTP/1.1 200 OK"
2025-12-05 19:54:53,757 - httpx - INFO - HTTP Request: POST https://api.telegram.org/bot7635905106:AAHuzxw5lw3fhXHx_8b9Wlw_WwGVxACbKAA/getUpdates "HTTP/1.1 200 OK"
2025-12-05 19:55:03,771 - httpx - INFO - HTTP Request: POST https://api.telegram.org/bot7635905106:AAHuzxw5lw3fhXHx_8b9Wlw_WwGVxACbKAA/getUpdates "HTTP/1.1 200 OK"
2025-12-05 19:55:13,784 - httpx - INFO - HTTP Request: POST https://api.telegram.org/bot7635905106:AAHuzxw5lw3fhXHx_8b9Wlw_WwGVxACbKAA/getUpdates "HTTP/1.1 200 OK"
2025-12-05 19:55:23,808 - httpx - INFO - HTTP Request: POST https://api.telegram.org/bot7635905106:AAHuzxw5lw3fhXHx_8b9Wlw_WwGVxACbKAA/getUpdates "HTTP/1.1 200 OK"
2025-12-05 19:55:33,821 - httpx - INFO - HTTP Request: POST https://api.telegram.org/bot7635905106:AAHuzxw5lw3fhXHx_8b9Wlw_WwGVxACbKAA/getUpdates "HTTP/1.1 200 OK"
2025-12-05 19:55:43,842 - httpx - INFO - HTTP Request: POST https://api.telegram.org/bot7635905106:AAHuzxw5lw3fhXHx_8b9Wlw_WwGVxACbKAA/getUpdates "HTTP/1.1 200 OK"
2025-12-05 19:55:53,880 - httpx - INFO - HTTP Request: POST https://api.telegram.org/bot7635905106:AAHuzxw5lw3fhXHx_8b9Wlw_WwGVxACbKAA/getUpdates "HTTP/1.1 200 OK"
2025-12-05 19:56:03,909 - httpx - INFO - HTTP Request: POST https://api.telegram.org/bot7635905106:AAHuzxw5lw3fhXHx_8b9Wlw_WwGVxACbKAA/getUpdates "HTTP/1.1 200 OK"
2025-12-05 19:56:13,994 - httpx - INFO - HTTP Request: POST https://api.telegram.org/bot7635905106:AAHuzxw5lw3fhXHx_8b9Wlw_WwGVxACbKAA/getUpdates "HTTP/1.1 200 OK"
2025-12-05 19:56:24,010 - httpx - INFO - HTTP Request: POST https://api.telegram.org/bot7635905106:AAHuzxw5lw3fhXHx_8b9Wlw_WwGVxACbKAA/getUpdates "HTTP/1.1 200 OK"
2025-12-05 19:56:26,014 - httpx - INFO - HTTP Request: POST https://api.telegram.org/bot7635905106:AAHuzxw5lw3fhXHx_8b9Wlw_WwGVxACbKAA/getUpdates "HTTP/1.1 200 OK"
2025-12-05 19:56:26,021 - __main__ - WARNING - ⚠️ Kein Profil gefunden für Benutzer 1032410054.
2025-12-05 19:56:36,039 - httpx - INFO - HTTP Request: POST https://api.telegram.org/bot7635905106:AAHuzxw5lw3fhXHx_8b9Wlw_WwGVxACbKAA/getUpdates "HTTP/1.1 200 OK"
2025-12-05 19:56:46,051 - httpx - INFO - HTTP Request: POST https://api.telegram.org/bot7635905106:AAHuzxw5lw3fhXHx_8b9Wlw_WwGVxACbKAA/getUpdates "HTTP/1.1 200 OK"
2025-12-05 19:56:56,067 - httpx - INFO - HTTP Request: POST https://api.telegram.org/bot7635905106:AAHuzxw5lw3fhXHx_8b9Wlw_WwGVxACbKAA/getUpdates "HTTP/1.1 200 OK"
2025-12-05 19:57:01,288 - httpx - INFO - HTTP Request: POST https://api.telegram.org/bot7635905106:AAHuzxw5lw3fhXHx_8b9Wlw_WwGVxACbKAA/getUpdates "HTTP/1.1 200 OK"
2025-12-05 19:57:01,348 - httpx - INFO - HTTP Request: POST https://api.telegram.org/bot7635905106:AAHuzxw5lw3fhXHx_8b9Wlw_WwGVxACbKAA/sendMessage "HTTP/1.1 200 OK"
2025-12-05 19:57:05,470 - httpx - INFO - HTTP Request: POST https://api.telegram.org/bot7635905106:AAHuzxw5lw3fhXHx_8b9Wlw_WwGVxACbKAA/getUpdates "HTTP/1.1 200 OK"
2025-12-05 19:57:05,519 - httpx - INFO - HTTP Request: POST https://api.telegram.org/bot7635905106:AAHuzxw5lw3fhXHx_8b9Wlw_WwGVxACbKAA/sendMessage "HTTP/1.1 200 OK"
2025-12-05 19:57:07,963 - httpx - INFO - HTTP Request: POST https://api.telegram.org/bot7635905106:AAHuzxw5lw3fhXHx_8b9Wlw_WwGVxACbKAA/getUpdates "HTTP/1.1 200 OK"
2025-12-05 19:57:08,061 - httpx - INFO - HTTP Request: POST https://api.telegram.org/bot7635905106:AAHuzxw5lw3fhXHx_8b9Wlw_WwGVxACbKAA/sendMessage "HTTP/1.1 200 OK"
2025-12-05 19:57:11,048 - httpx - INFO - HTTP Request: POST https://api.telegram.org/bot7635905106:AAHuzxw5lw3fhXHx_8b9Wlw_WwGVxACbKAA/getUpdates "HTTP/1.1 200 OK"
2025-12-05 19:57:11,164 - httpx - INFO - HTTP Request: POST https://api.telegram.org/bot7635905106:AAHuzxw5lw3fhXHx_8b9Wlw_WwGVxACbKAA/sendMessage "HTTP/1.1 200 OK"
2025-12-05 19:57:14,618 - httpx - INFO - HTTP Request: POST https://api.telegram.org/bot7635905106:AAHuzxw5lw3fhXHx_8b9Wlw_WwGVxACbKAA/getUpdates "HTTP/1.1 200 OK"
2025-12-05 19:57:14,701 - httpx - INFO - HTTP Request: POST https://api.telegram.org/bot7635905106:AAHuzxw5lw3fhXHx_8b9Wlw_WwGVxACbKAA/sendMessage "HTTP/1.1 200 OK"
2025-12-05 19:57:16,904 - httpx - INFO - HTTP Request: POST https://api.telegram.org/bot7635905106:AAHuzxw5lw3fhXHx_8b9Wlw_WwGVxACbKAA/getUpdates "HTTP/1.1 200 OK"
2025-12-05 19:57:17,037 - httpx - INFO - HTTP Request: POST https://api.telegram.org/bot7635905106:AAHuzxw5lw3fhXHx_8b9Wlw_WwGVxACbKAA/sendMessage "HTTP/1.1 200 OK"
2025-12-05 19:57:17,790 - httpx - INFO - HTTP Request: POST https://api.telegram.org/bot7635905106:AAHuzxw5lw3fhXHx_8b9Wlw_WwGVxACbKAA/getUpdates "HTTP/1.1 200 OK"
2025-12-05 19:57:17,855 - httpx - INFO - HTTP Request: POST https://api.telegram.org/bot7635905106:AAHuzxw5lw3fhXHx_8b9Wlw_WwGVxACbKAA/sendMessage "HTTP/1.1 200 OK"
2025-12-05 19:57:18,762 - httpx - INFO - HTTP Request: POST https://api.telegram.org/bot7635905106:AAHuzxw5lw3fhXHx_8b9Wlw_WwGVxACbKAA/getUpdates "HTTP/1.1 200 OK"
2025-12-05 19:57:18,800 - httpx - INFO - HTTP Request: POST https://api.telegram.org/bot7635905106:AAHuzxw5lw3fhXHx_8b9Wlw_WwGVxACbKAA/sendMessage "HTTP/1.1 200 OK"
2025-12-05 19:57:20,645 - httpx - INFO - HTTP Request: POST https://api.telegram.org/bot7635905106:AAHuzxw5lw3fhXHx_8b9Wlw_WwGVxACbKAA/getUpdates "HTTP/1.1 200 OK"
2025-12-05 19:57:20,681 - httpx - INFO - HTTP Request: POST https://api.telegram.org/bot7635905106:AAHuzxw5lw3fhXHx_8b9Wlw_WwGVxACbKAA/sendMessage "HTTP/1.1 200 OK"
2025-12-05 19:57:21,782 - httpx - INFO - HTTP Request: POST https://api.telegram.org/bot7635905106:AAHuzxw5lw3fhXHx_8b9Wlw_WwGVxACbKAA/getUpdates "HTTP/1.1 200 OK"
2025-12-05 19:57:21,825 - httpx - INFO - HTTP Request: POST https://api.telegram.org/bot7635905106:AAHuzxw5lw3fhXHx_8b9Wlw_WwGVxACbKAA/sendMessage "HTTP/1.1 200 OK"
2025-12-05 19:57:23,393 - httpx - INFO - HTTP Request: POST https://api.telegram.org/bot7635905106:AAHuzxw5lw3fhXHx_8b9Wlw_WwGVxACbKAA/getUpdates "HTTP/1.1 200 OK"
2025-12-05 19:57:23,449 - httpx - INFO - HTTP Request: POST https://api.telegram.org/bot7635905106:AAHuzxw5lw3fhXHx_8b9Wlw_WwGVxACbKAA/createChatInviteLink "HTTP/1.1 200 OK"
2025-12-05 19:57:23,513 - httpx - INFO - HTTP Request: POST https://api.telegram.org/bot7635905106:AAHuzxw5lw3fhXHx_8b9Wlw_WwGVxACbKAA/sendMessage "HTTP/1.1 200 OK"
2025-12-05 19:57:25,596 - httpx - INFO - HTTP Request: POST https://api.telegram.org/bot7635905106:AAHuzxw5lw3fhXHx_8b9Wlw_WwGVxACbKAA/getUpdates "HTTP/1.1 200 OK"
2025-12-05 19:57:25,668 - httpx - INFO - HTTP Request: POST https://api.telegram.org/bot7635905106:AAHuzxw5lw3fhXHx_8b9Wlw_WwGVxACbKAA/approveChatJoinRequest "HTTP/1.1 200 OK"
2025-12-05 19:57:25,792 - httpx - INFO - HTTP Request: POST https://api.telegram.org/bot7635905106:AAHuzxw5lw3fhXHx_8b9Wlw_WwGVxACbKAA/sendPhoto "HTTP/1.1 200 OK"
2025-12-05 19:57:25,975 - httpx - INFO - HTTP Request: POST https://api.telegram.org/bot7635905106:AAHuzxw5lw3fhXHx_8b9Wlw_WwGVxACbKAA/getUpdates "HTTP/1.1 200 OK"
2025-12-05 19:57:35,990 - httpx - INFO - HTTP Request: POST https://api.telegram.org/bot7635905106:AAHuzxw5lw3fhXHx_8b9Wlw_WwGVxACbKAA/getUpdates "HTTP/1.1 200 OK"
2025-12-05 19:57:46,002 - httpx - INFO - HTTP Request: POST https://api.telegram.org/bot7635905106:AAHuzxw5lw3fhXHx_8b9Wlw_WwGVxACbKAA/getUpdates "HTTP/1.1 200 OK"
2025-12-05 19:57:56,018 - httpx - INFO - HTTP Request: POST https://api.telegram.org/bot7635905106:AAHuzxw5lw3fhXHx_8b9Wlw_WwGVxACbKAA/getUpdates "HTTP/1.1 200 OK"
2025-12-05 19:58:06,032 - httpx - INFO - HTTP Request: POST https://api.telegram.org/bot7635905106:AAHuzxw5lw3fhXHx_8b9Wlw_WwGVxACbKAA/getUpdates "HTTP/1.1 200 OK"
2025-12-05 19:58:07,124 - httpx - INFO - HTTP Request: POST https://api.telegram.org/bot7635905106:AAHuzxw5lw3fhXHx_8b9Wlw_WwGVxACbKAA/getUpdates "HTTP/1.1 200 OK"
2025-12-05 19:58:07,185 - httpx - INFO - HTTP Request: POST https://api.telegram.org/bot7635905106:AAHuzxw5lw3fhXHx_8b9Wlw_WwGVxACbKAA/sendMessage "HTTP/1.1 200 OK"
2025-12-05 19:58:17,143 - httpx - INFO - HTTP Request: POST https://api.telegram.org/bot7635905106:AAHuzxw5lw3fhXHx_8b9Wlw_WwGVxACbKAA/getUpdates "HTTP/1.1 200 OK"
2025-12-05 19:58:26,398 - httpx - INFO - HTTP Request: POST https://api.telegram.org/bot7635905106:AAHuzxw5lw3fhXHx_8b9Wlw_WwGVxACbKAA/getUpdates "HTTP/1.1 200 OK"
2025-12-05 19:58:30,483 - __main__ - INFO - 🤖 Invite-Bot läuft …
2025-12-05 19:58:30,550 - httpx - INFO - HTTP Request: POST https://api.telegram.org/bot7635905106:AAHuzxw5lw3fhXHx_8b9Wlw_WwGVxACbKAA/getMe "HTTP/1.1 200 OK"
2025-12-05 19:58:30,568 - httpx - INFO - HTTP Request: POST https://api.telegram.org/bot7635905106:AAHuzxw5lw3fhXHx_8b9Wlw_WwGVxACbKAA/deleteWebhook "HTTP/1.1 200 OK"
2025-12-05 19:58:30,573 - apscheduler.scheduler - INFO - Scheduler started
2025-12-05 19:58:30,574 - telegram.ext.Application - INFO - Application started
2025-12-05 19:58:30,617 - httpx - INFO - HTTP Request: POST https://api.telegram.org/bot7635905106:AAHuzxw5lw3fhXHx_8b9Wlw_WwGVxACbKAA/getUpdates "HTTP/1.1 409 Conflict"
2025-12-05 19:58:30,628 - telegram.ext.Application - ERROR - No error handlers are registered, logging exception.
Traceback (most recent call last):
  File "/home/user/telegramm-bot-es/.venv/lib/python3.11/site-packages/telegram/ext/_utils/networkloop.py", line 134, in network_retry_loop
    await do_action()
  File "/home/user/telegramm-bot-es/.venv/lib/python3.11/site-packages/telegram/ext/_utils/networkloop.py", line 127, in do_action
    action_cb_task.result()
  File "/home/user/telegramm-bot-es/.venv/lib/python3.11/site-packages/telegram/ext/_updater.py", line 340, in polling_action_cb
    updates = await self.bot.get_updates(
              ^^^^^^^^^^^^^^^^^^^^^^^^^^^
  File "/home/user/telegramm-bot-es/.venv/lib/python3.11/site-packages/telegram/ext/_extbot.py", line 676, in get_updates
    updates = await super().get_updates(
              ^^^^^^^^^^^^^^^^^^^^^^^^^^
  File "/home/user/telegramm-bot-es/.venv/lib/python3.11/site-packages/telegram/_bot.py", line 4780, in get_updates
    await self._post(
  File "/home/user/telegramm-bot-es/.venv/lib/python3.11/site-packages/telegram/_bot.py", line 703, in _post
    return await self._do_post(
           ^^^^^^^^^^^^^^^^^^^^
  File "/home/user/telegramm-bot-es/.venv/lib/python3.11/site-packages/telegram/ext/_extbot.py", line 372, in _do_post
    return await super()._do_post(
           ^^^^^^^^^^^^^^^^^^^^^^^
  File "/home/user/telegramm-bot-es/.venv/lib/python3.11/site-packages/telegram/_bot.py", line 732, in _do_post
    result = await request.post(
             ^^^^^^^^^^^^^^^^^^^
  File "/home/user/telegramm-bot-es/.venv/lib/python3.11/site-packages/telegram/request/_baserequest.py", line 198, in post
    result = await self._request_wrapper(
             ^^^^^^^^^^^^^^^^^^^^^^^^^^^^
  File "/home/user/telegramm-bot-es/.venv/lib/python3.11/site-packages/telegram/request/_baserequest.py", line 375, in _request_wrapper
    raise exception
telegram.error.Conflict: Conflict: terminated by other getUpdates request; make sure that only one bot instance is running
2025-12-05 19:58:33,057 - httpx - INFO - HTTP Request: POST https://api.telegram.org/bot7635905106:AAHuzxw5lw3fhXHx_8b9Wlw_WwGVxACbKAA/getUpdates "HTTP/1.1 200 OK"
2025-12-05 19:58:34,639 - httpx - INFO - HTTP Request: POST https://api.telegram.org/bot7635905106:AAHuzxw5lw3fhXHx_8b9Wlw_WwGVxACbKAA/getUpdates "HTTP/1.1 409 Conflict"
2025-12-05 19:58:34,640 - telegram.ext.Application - ERROR - No error handlers are registered, logging exception.
Traceback (most recent call last):
  File "/home/user/telegramm-bot-es/.venv/lib/python3.11/site-packages/telegram/ext/_utils/networkloop.py", line 134, in network_retry_loop
    await do_action()
  File "/home/user/telegramm-bot-es/.venv/lib/python3.11/site-packages/telegram/ext/_utils/networkloop.py", line 127, in do_action
    action_cb_task.result()
  File "/home/user/telegramm-bot-es/.venv/lib/python3.11/site-packages/telegram/ext/_updater.py", line 340, in polling_action_cb
    updates = await self.bot.get_updates(
              ^^^^^^^^^^^^^^^^^^^^^^^^^^^
  File "/home/user/telegramm-bot-es/.venv/lib/python3.11/site-packages/telegram/ext/_extbot.py", line 676, in get_updates
    updates = await super().get_updates(
              ^^^^^^^^^^^^^^^^^^^^^^^^^^
  File "/home/user/telegramm-bot-es/.venv/lib/python3.11/site-packages/telegram/_bot.py", line 4780, in get_updates
    await self._post(
  File "/home/user/telegramm-bot-es/.venv/lib/python3.11/site-packages/telegram/_bot.py", line 703, in _post
    return await self._do_post(
           ^^^^^^^^^^^^^^^^^^^^
  File "/home/user/telegramm-bot-es/.venv/lib/python3.11/site-packages/telegram/ext/_extbot.py", line 372, in _do_post
    return await super()._do_post(
           ^^^^^^^^^^^^^^^^^^^^^^^
  File "/home/user/telegramm-bot-es/.venv/lib/python3.11/site-packages/telegram/_bot.py", line 732, in _do_post
    result = await request.post(
             ^^^^^^^^^^^^^^^^^^^
  File "/home/user/telegramm-bot-es/.venv/lib/python3.11/site-packages/telegram/request/_baserequest.py", line 198, in post
    result = await self._request_wrapper(
             ^^^^^^^^^^^^^^^^^^^^^^^^^^^^
  File "/home/user/telegramm-bot-es/.venv/lib/python3.11/site-packages/telegram/request/_baserequest.py", line 375, in _request_wrapper
    raise exception
telegram.error.Conflict: Conflict: terminated by other getUpdates request; make sure that only one bot instance is running
2025-12-05 19:58:35,651 - httpx - INFO - HTTP Request: POST https://api.telegram.org/bot7635905106:AAHuzxw5lw3fhXHx_8b9Wlw_WwGVxACbKAA/getUpdates "HTTP/1.1 409 Conflict"
2025-12-05 19:58:35,653 - telegram.ext.Application - ERROR - No error handlers are registered, logging exception.
Traceback (most recent call last):
  File "/home/user/telegramm-bot-es/.venv/lib/python3.11/site-packages/telegram/ext/_utils/networkloop.py", line 134, in network_retry_loop
    await do_action()
  File "/home/user/telegramm-bot-es/.venv/lib/python3.11/site-packages/telegram/ext/_utils/networkloop.py", line 127, in do_action
    action_cb_task.result()
  File "/home/user/telegramm-bot-es/.venv/lib/python3.11/site-packages/telegram/ext/_updater.py", line 340, in polling_action_cb
    updates = await self.bot.get_updates(
              ^^^^^^^^^^^^^^^^^^^^^^^^^^^
  File "/home/user/telegramm-bot-es/.venv/lib/python3.11/site-packages/telegram/ext/_extbot.py", line 676, in get_updates
    updates = await super().get_updates(
              ^^^^^^^^^^^^^^^^^^^^^^^^^^
  File "/home/user/telegramm-bot-es/.venv/lib/python3.11/site-packages/telegram/_bot.py", line 4780, in get_updates
    await self._post(
  File "/home/user/telegramm-bot-es/.venv/lib/python3.11/site-packages/telegram/_bot.py", line 703, in _post
    return await self._do_post(
           ^^^^^^^^^^^^^^^^^^^^
  File "/home/user/telegramm-bot-es/.venv/lib/python3.11/site-packages/telegram/ext/_extbot.py", line 372, in _do_post
    return await super()._do_post(
           ^^^^^^^^^^^^^^^^^^^^^^^
  File "/home/user/telegramm-bot-es/.venv/lib/python3.11/site-packages/telegram/_bot.py", line 732, in _do_post
    result = await request.post(
             ^^^^^^^^^^^^^^^^^^^
  File "/home/user/telegramm-bot-es/.venv/lib/python3.11/site-packages/telegram/request/_baserequest.py", line 198, in post
    result = await self._request_wrapper(
             ^^^^^^^^^^^^^^^^^^^^^^^^^^^^
  File "/home/user/telegramm-bot-es/.venv/lib/python3.11/site-packages/telegram/request/_baserequest.py", line 375, in _request_wrapper
    raise exception
telegram.error.Conflict: Conflict: terminated by other getUpdates request; make sure that only one bot instance is running
2025-12-05 19:58:39,666 - httpx - INFO - HTTP Request: POST https://api.telegram.org/bot7635905106:AAHuzxw5lw3fhXHx_8b9Wlw_WwGVxACbKAA/getUpdates "HTTP/1.1 409 Conflict"
2025-12-05 19:58:39,669 - httpx - INFO - HTTP Request: POST https://api.telegram.org/bot7635905106:AAHuzxw5lw3fhXHx_8b9Wlw_WwGVxACbKAA/getUpdates "HTTP/1.1 200 OK"
2025-12-05 19:58:39,675 - telegram.ext.Application - ERROR - No error handlers are registered, logging exception.
Traceback (most recent call last):
  File "/home/user/telegramm-bot-es/.venv/lib/python3.11/site-packages/telegram/ext/_utils/networkloop.py", line 134, in network_retry_loop
    await do_action()
  File "/home/user/telegramm-bot-es/.venv/lib/python3.11/site-packages/telegram/ext/_utils/networkloop.py", line 127, in do_action
    action_cb_task.result()
  File "/home/user/telegramm-bot-es/.venv/lib/python3.11/site-packages/telegram/ext/_updater.py", line 340, in polling_action_cb
    updates = await self.bot.get_updates(
              ^^^^^^^^^^^^^^^^^^^^^^^^^^^
  File "/home/user/telegramm-bot-es/.venv/lib/python3.11/site-packages/telegram/ext/_extbot.py", line 676, in get_updates
    updates = await super().get_updates(
              ^^^^^^^^^^^^^^^^^^^^^^^^^^
  File "/home/user/telegramm-bot-es/.venv/lib/python3.11/site-packages/telegram/_bot.py", line 4780, in get_updates
    await self._post(
  File "/home/user/telegramm-bot-es/.venv/lib/python3.11/site-packages/telegram/_bot.py", line 703, in _post
    return await self._do_post(
           ^^^^^^^^^^^^^^^^^^^^
  File "/home/user/telegramm-bot-es/.venv/lib/python3.11/site-packages/telegram/ext/_extbot.py", line 372, in _do_post
    return await super()._do_post(
           ^^^^^^^^^^^^^^^^^^^^^^^
  File "/home/user/telegramm-bot-es/.venv/lib/python3.11/site-packages/telegram/_bot.py", line 732, in _do_post
    result = await request.post(
             ^^^^^^^^^^^^^^^^^^^
  File "/home/user/telegramm-bot-es/.venv/lib/python3.11/site-packages/telegram/request/_baserequest.py", line 198, in post
    result = await self._request_wrapper(
             ^^^^^^^^^^^^^^^^^^^^^^^^^^^^
  File "/home/user/telegramm-bot-es/.venv/lib/python3.11/site-packages/telegram/request/_baserequest.py", line 375, in _request_wrapper
    raise exception
telegram.error.Conflict: Conflict: terminated by other getUpdates request; make sure that only one bot instance is running
2025-12-05 19:58:41,186 - httpx - INFO - HTTP Request: POST https://api.telegram.org/bot7635905106:AAHuzxw5lw3fhXHx_8b9Wlw_WwGVxACbKAA/getUpdates "HTTP/1.1 409 Conflict"
2025-12-05 19:58:41,190 - telegram.ext.Application - ERROR - No error handlers are registered, logging exception.
Traceback (most recent call last):
  File "/home/user/telegramm-bot-es/.venv/lib/python3.11/site-packages/telegram/ext/_utils/networkloop.py", line 134, in network_retry_loop
    await do_action()
  File "/home/user/telegramm-bot-es/.venv/lib/python3.11/site-packages/telegram/ext/_utils/networkloop.py", line 127, in do_action
    action_cb_task.result()
  File "/home/user/telegramm-bot-es/.venv/lib/python3.11/site-packages/telegram/ext/_updater.py", line 340, in polling_action_cb
    updates = await self.bot.get_updates(
              ^^^^^^^^^^^^^^^^^^^^^^^^^^^
  File "/home/user/telegramm-bot-es/.venv/lib/python3.11/site-packages/telegram/ext/_extbot.py", line 676, in get_updates
    updates = await super().get_updates(
              ^^^^^^^^^^^^^^^^^^^^^^^^^^
  File "/home/user/telegramm-bot-es/.venv/lib/python3.11/site-packages/telegram/_bot.py", line 4780, in get_updates
    await self._post(
  File "/home/user/telegramm-bot-es/.venv/lib/python3.11/site-packages/telegram/_bot.py", line 703, in _post
    return await self._do_post(
           ^^^^^^^^^^^^^^^^^^^^
  File "/home/user/telegramm-bot-es/.venv/lib/python3.11/site-packages/telegram/ext/_extbot.py", line 372, in _do_post
    return await super()._do_post(
           ^^^^^^^^^^^^^^^^^^^^^^^
  File "/home/user/telegramm-bot-es/.venv/lib/python3.11/site-packages/telegram/_bot.py", line 732, in _do_post
    result = await request.post(
             ^^^^^^^^^^^^^^^^^^^
  File "/home/user/telegramm-bot-es/.venv/lib/python3.11/site-packages/telegram/request/_baserequest.py", line 198, in post
    result = await self._request_wrapper(
             ^^^^^^^^^^^^^^^^^^^^^^^^^^^^
  File "/home/user/telegramm-bot-es/.venv/lib/python3.11/site-packages/telegram/request/_baserequest.py", line 375, in _request_wrapper
    raise exception
telegram.error.Conflict: Conflict: terminated by other getUpdates request; make sure that only one bot instance is running
2025-12-05 19:58:45,204 - httpx - INFO - HTTP Request: POST https://api.telegram.org/bot7635905106:AAHuzxw5lw3fhXHx_8b9Wlw_WwGVxACbKAA/getUpdates "HTTP/1.1 409 Conflict"
2025-12-05 19:58:45,207 - telegram.ext.Application - ERROR - No error handlers are registered, logging exception.
Traceback (most recent call last):
  File "/home/user/telegramm-bot-es/.venv/lib/python3.11/site-packages/telegram/ext/_utils/networkloop.py", line 134, in network_retry_loop
    await do_action()
  File "/home/user/telegramm-bot-es/.venv/lib/python3.11/site-packages/telegram/ext/_utils/networkloop.py", line 127, in do_action
    action_cb_task.result()
  File "/home/user/telegramm-bot-es/.venv/lib/python3.11/site-packages/telegram/ext/_updater.py", line 340, in polling_action_cb
    updates = await self.bot.get_updates(
              ^^^^^^^^^^^^^^^^^^^^^^^^^^^
  File "/home/user/telegramm-bot-es/.venv/lib/python3.11/site-packages/telegram/ext/_extbot.py", line 676, in get_updates
    updates = await super().get_updates(
              ^^^^^^^^^^^^^^^^^^^^^^^^^^
  File "/home/user/telegramm-bot-es/.venv/lib/python3.11/site-packages/telegram/_bot.py", line 4780, in get_updates
    await self._post(
  File "/home/user/telegramm-bot-es/.venv/lib/python3.11/site-packages/telegram/_bot.py", line 703, in _post
    return await self._do_post(
           ^^^^^^^^^^^^^^^^^^^^
  File "/home/user/telegramm-bot-es/.venv/lib/python3.11/site-packages/telegram/ext/_extbot.py", line 372, in _do_post
    return await super()._do_post(
           ^^^^^^^^^^^^^^^^^^^^^^^
  File "/home/user/telegramm-bot-es/.venv/lib/python3.11/site-packages/telegram/_bot.py", line 732, in _do_post
    result = await request.post(
             ^^^^^^^^^^^^^^^^^^^
  File "/home/user/telegramm-bot-es/.venv/lib/python3.11/site-packages/telegram/request/_baserequest.py", line 198, in post
    result = await self._request_wrapper(
             ^^^^^^^^^^^^^^^^^^^^^^^^^^^^
  File "/home/user/telegramm-bot-es/.venv/lib/python3.11/site-packages/telegram/request/_baserequest.py", line 375, in _request_wrapper
    raise exception
telegram.error.Conflict: Conflict: terminated by other getUpdates request; make sure that only one bot instance is running
2025-12-05 19:58:47,470 - httpx - INFO - HTTP Request: POST https://api.telegram.org/bot7635905106:AAHuzxw5lw3fhXHx_8b9Wlw_WwGVxACbKAA/getUpdates "HTTP/1.1 409 Conflict"
2025-12-05 19:58:47,478 - telegram.ext.Application - ERROR - No error handlers are registered, logging exception.
Traceback (most recent call last):
  File "/home/user/telegramm-bot-es/.venv/lib/python3.11/site-packages/telegram/ext/_utils/networkloop.py", line 134, in network_retry_loop
    await do_action()
  File "/home/user/telegramm-bot-es/.venv/lib/python3.11/site-packages/telegram/ext/_utils/networkloop.py", line 127, in do_action
    action_cb_task.result()
  File "/home/user/telegramm-bot-es/.venv/lib/python3.11/site-packages/telegram/ext/_updater.py", line 340, in polling_action_cb
    updates = await self.bot.get_updates(
              ^^^^^^^^^^^^^^^^^^^^^^^^^^^
  File "/home/user/telegramm-bot-es/.venv/lib/python3.11/site-packages/telegram/ext/_extbot.py", line 676, in get_updates
    updates = await super().get_updates(
              ^^^^^^^^^^^^^^^^^^^^^^^^^^
  File "/home/user/telegramm-bot-es/.venv/lib/python3.11/site-packages/telegram/_bot.py", line 4780, in get_updates
    await self._post(
  File "/home/user/telegramm-bot-es/.venv/lib/python3.11/site-packages/telegram/_bot.py", line 703, in _post
    return await self._do_post(
           ^^^^^^^^^^^^^^^^^^^^
  File "/home/user/telegramm-bot-es/.venv/lib/python3.11/site-packages/telegram/ext/_extbot.py", line 372, in _do_post
    return await super()._do_post(
           ^^^^^^^^^^^^^^^^^^^^^^^
  File "/home/user/telegramm-bot-es/.venv/lib/python3.11/site-packages/telegram/_bot.py", line 732, in _do_post
    result = await request.post(
             ^^^^^^^^^^^^^^^^^^^
  File "/home/user/telegramm-bot-es/.venv/lib/python3.11/site-packages/telegram/request/_baserequest.py", line 198, in post
    result = await self._request_wrapper(
             ^^^^^^^^^^^^^^^^^^^^^^^^^^^^
  File "/home/user/telegramm-bot-es/.venv/lib/python3.11/site-packages/telegram/request/_baserequest.py", line 375, in _request_wrapper
    raise exception
telegram.error.Conflict: Conflict: terminated by other getUpdates request; make sure that only one bot instance is running
2025-12-05 19:58:51,998 - httpx - INFO - HTTP Request: POST https://api.telegram.org/bot7635905106:AAHuzxw5lw3fhXHx_8b9Wlw_WwGVxACbKAA/getUpdates "HTTP/1.1 409 Conflict"
2025-12-05 19:58:52,002 - telegram.ext.Application - ERROR - No error handlers are registered, logging exception.
Traceback (most recent call last):
  File "/home/user/telegramm-bot-es/.venv/lib/python3.11/site-packages/telegram/ext/_utils/networkloop.py", line 134, in network_retry_loop
    await do_action()
  File "/home/user/telegramm-bot-es/.venv/lib/python3.11/site-packages/telegram/ext/_utils/networkloop.py", line 127, in do_action
    action_cb_task.result()
  File "/home/user/telegramm-bot-es/.venv/lib/python3.11/site-packages/telegram/ext/_updater.py", line 340, in polling_action_cb
    updates = await self.bot.get_updates(
              ^^^^^^^^^^^^^^^^^^^^^^^^^^^
  File "/home/user/telegramm-bot-es/.venv/lib/python3.11/site-packages/telegram/ext/_extbot.py", line 676, in get_updates
    updates = await super().get_updates(
              ^^^^^^^^^^^^^^^^^^^^^^^^^^
  File "/home/user/telegramm-bot-es/.venv/lib/python3.11/site-packages/telegram/_bot.py", line 4780, in get_updates
    await self._post(
  File "/home/user/telegramm-bot-es/.venv/lib/python3.11/site-packages/telegram/_bot.py", line 703, in _post
    return await self._do_post(
           ^^^^^^^^^^^^^^^^^^^^
  File "/home/user/telegramm-bot-es/.venv/lib/python3.11/site-packages/telegram/ext/_extbot.py", line 372, in _do_post
    return await super()._do_post(
           ^^^^^^^^^^^^^^^^^^^^^^^
  File "/home/user/telegramm-bot-es/.venv/lib/python3.11/site-packages/telegram/_bot.py", line 732, in _do_post
    result = await request.post(
             ^^^^^^^^^^^^^^^^^^^
  File "/home/user/telegramm-bot-es/.venv/lib/python3.11/site-packages/telegram/request/_baserequest.py", line 198, in post
    result = await self._request_wrapper(
             ^^^^^^^^^^^^^^^^^^^^^^^^^^^^
  File "/home/user/telegramm-bot-es/.venv/lib/python3.11/site-packages/telegram/request/_baserequest.py", line 375, in _request_wrapper
    raise exception
telegram.error.Conflict: Conflict: terminated by other getUpdates request; make sure that only one bot instance is running
2025-12-05 19:58:55,390 - httpx - INFO - HTTP Request: POST https://api.telegram.org/bot7635905106:AAHuzxw5lw3fhXHx_8b9Wlw_WwGVxACbKAA/getUpdates "HTTP/1.1 409 Conflict"
2025-12-05 19:58:55,397 - telegram.ext.Application - ERROR - No error handlers are registered, logging exception.
Traceback (most recent call last):
  File "/home/user/telegramm-bot-es/.venv/lib/python3.11/site-packages/telegram/ext/_utils/networkloop.py", line 134, in network_retry_loop
    await do_action()
  File "/home/user/telegramm-bot-es/.venv/lib/python3.11/site-packages/telegram/ext/_utils/networkloop.py", line 127, in do_action
    action_cb_task.result()
  File "/home/user/telegramm-bot-es/.venv/lib/python3.11/site-packages/telegram/ext/_updater.py", line 340, in polling_action_cb
    updates = await self.bot.get_updates(
              ^^^^^^^^^^^^^^^^^^^^^^^^^^^
  File "/home/user/telegramm-bot-es/.venv/lib/python3.11/site-packages/telegram/ext/_extbot.py", line 676, in get_updates
    updates = await super().get_updates(
              ^^^^^^^^^^^^^^^^^^^^^^^^^^
  File "/home/user/telegramm-bot-es/.venv/lib/python3.11/site-packages/telegram/_bot.py", line 4780, in get_updates
    await self._post(
  File "/home/user/telegramm-bot-es/.venv/lib/python3.11/site-packages/telegram/_bot.py", line 703, in _post
    return await self._do_post(
           ^^^^^^^^^^^^^^^^^^^^
  File "/home/user/telegramm-bot-es/.venv/lib/python3.11/site-packages/telegram/ext/_extbot.py", line 372, in _do_post
    return await super()._do_post(
           ^^^^^^^^^^^^^^^^^^^^^^^
  File "/home/user/telegramm-bot-es/.venv/lib/python3.11/site-packages/telegram/_bot.py", line 732, in _do_post
    result = await request.post(
             ^^^^^^^^^^^^^^^^^^^
  File "/home/user/telegramm-bot-es/.venv/lib/python3.11/site-packages/telegram/request/_baserequest.py", line 198, in post
    result = await self._request_wrapper(
             ^^^^^^^^^^^^^^^^^^^^^^^^^^^^
  File "/home/user/telegramm-bot-es/.venv/lib/python3.11/site-packages/telegram/request/_baserequest.py", line 375, in _request_wrapper
    raise exception
telegram.error.Conflict: Conflict: terminated by other getUpdates request; make sure that only one bot instance is running
2025-12-05 19:59:00,659 - httpx - INFO - HTTP Request: POST https://api.telegram.org/bot7635905106:AAHuzxw5lw3fhXHx_8b9Wlw_WwGVxACbKAA/getUpdates "HTTP/1.1 409 Conflict"
2025-12-05 19:59:00,661 - telegram.ext.Application - ERROR - No error handlers are registered, logging exception.
Traceback (most recent call last):
  File "/home/user/telegramm-bot-es/.venv/lib/python3.11/site-packages/telegram/ext/_utils/networkloop.py", line 134, in network_retry_loop
    await do_action()
  File "/home/user/telegramm-bot-es/.venv/lib/python3.11/site-packages/telegram/ext/_utils/networkloop.py", line 127, in do_action
    action_cb_task.result()
  File "/home/user/telegramm-bot-es/.venv/lib/python3.11/site-packages/telegram/ext/_updater.py", line 340, in polling_action_cb
    updates = await self.bot.get_updates(
              ^^^^^^^^^^^^^^^^^^^^^^^^^^^
  File "/home/user/telegramm-bot-es/.venv/lib/python3.11/site-packages/telegram/ext/_extbot.py", line 676, in get_updates
    updates = await super().get_updates(
              ^^^^^^^^^^^^^^^^^^^^^^^^^^
  File "/home/user/telegramm-bot-es/.venv/lib/python3.11/site-packages/telegram/_bot.py", line 4780, in get_updates
    await self._post(
  File "/home/user/telegramm-bot-es/.venv/lib/python3.11/site-packages/telegram/_bot.py", line 703, in _post
    return await self._do_post(
           ^^^^^^^^^^^^^^^^^^^^
  File "/home/user/telegramm-bot-es/.venv/lib/python3.11/site-packages/telegram/ext/_extbot.py", line 372, in _do_post
    return await super()._do_post(
           ^^^^^^^^^^^^^^^^^^^^^^^
  File "/home/user/telegramm-bot-es/.venv/lib/python3.11/site-packages/telegram/_bot.py", line 732, in _do_post
    result = await request.post(
             ^^^^^^^^^^^^^^^^^^^
  File "/home/user/telegramm-bot-es/.venv/lib/python3.11/site-packages/telegram/request/_baserequest.py", line 198, in post
    result = await self._request_wrapper(
             ^^^^^^^^^^^^^^^^^^^^^^^^^^^^
  File "/home/user/telegramm-bot-es/.venv/lib/python3.11/site-packages/telegram/request/_baserequest.py", line 375, in _request_wrapper
    raise exception
telegram.error.Conflict: Conflict: terminated by other getUpdates request; make sure that only one bot instance is running
2025-12-05 19:59:05,765 - httpx - INFO - HTTP Request: POST https://api.telegram.org/bot7635905106:AAHuzxw5lw3fhXHx_8b9Wlw_WwGVxACbKAA/getUpdates "HTTP/1.1 409 Conflict"
2025-12-05 19:59:05,773 - telegram.ext.Application - ERROR - No error handlers are registered, logging exception.
Traceback (most recent call last):
  File "/home/user/telegramm-bot-es/.venv/lib/python3.11/site-packages/telegram/ext/_utils/networkloop.py", line 134, in network_retry_loop
    await do_action()
  File "/home/user/telegramm-bot-es/.venv/lib/python3.11/site-packages/telegram/ext/_utils/networkloop.py", line 127, in do_action
    action_cb_task.result()
  File "/home/user/telegramm-bot-es/.venv/lib/python3.11/site-packages/telegram/ext/_updater.py", line 340, in polling_action_cb
    updates = await self.bot.get_updates(
              ^^^^^^^^^^^^^^^^^^^^^^^^^^^
  File "/home/user/telegramm-bot-es/.venv/lib/python3.11/site-packages/telegram/ext/_extbot.py", line 676, in get_updates
    updates = await super().get_updates(
              ^^^^^^^^^^^^^^^^^^^^^^^^^^
  File "/home/user/telegramm-bot-es/.venv/lib/python3.11/site-packages/telegram/_bot.py", line 4780, in get_updates
    await self._post(
  File "/home/user/telegramm-bot-es/.venv/lib/python3.11/site-packages/telegram/_bot.py", line 703, in _post
    return await self._do_post(
           ^^^^^^^^^^^^^^^^^^^^
  File "/home/user/telegramm-bot-es/.venv/lib/python3.11/site-packages/telegram/ext/_extbot.py", line 372, in _do_post
    return await super()._do_post(
           ^^^^^^^^^^^^^^^^^^^^^^^
  File "/home/user/telegramm-bot-es/.venv/lib/python3.11/site-packages/telegram/_bot.py", line 732, in _do_post
    result = await request.post(
             ^^^^^^^^^^^^^^^^^^^
  File "/home/user/telegramm-bot-es/.venv/lib/python3.11/site-packages/telegram/request/_baserequest.py", line 198, in post
    result = await self._request_wrapper(
             ^^^^^^^^^^^^^^^^^^^^^^^^^^^^
  File "/home/user/telegramm-bot-es/.venv/lib/python3.11/site-packages/telegram/request/_baserequest.py", line 375, in _request_wrapper
    raise exception
telegram.error.Conflict: Conflict: terminated by other getUpdates request; make sure that only one bot instance is running
2025-12-05 19:59:09,157 - httpx - INFO - HTTP Request: POST https://api.telegram.org/bot7635905106:AAHuzxw5lw3fhXHx_8b9Wlw_WwGVxACbKAA/getUpdates "HTTP/1.1 409 Conflict"
2025-12-05 19:59:09,162 - telegram.ext.Application - ERROR - No error handlers are registered, logging exception.
Traceback (most recent call last):
  File "/home/user/telegramm-bot-es/.venv/lib/python3.11/site-packages/telegram/ext/_utils/networkloop.py", line 134, in network_retry_loop
    await do_action()
  File "/home/user/telegramm-bot-es/.venv/lib/python3.11/site-packages/telegram/ext/_utils/networkloop.py", line 127, in do_action
    action_cb_task.result()
  File "/home/user/telegramm-bot-es/.venv/lib/python3.11/site-packages/telegram/ext/_updater.py", line 340, in polling_action_cb
    updates = await self.bot.get_updates(
              ^^^^^^^^^^^^^^^^^^^^^^^^^^^
  File "/home/user/telegramm-bot-es/.venv/lib/python3.11/site-packages/telegram/ext/_extbot.py", line 676, in get_updates
    updates = await super().get_updates(
              ^^^^^^^^^^^^^^^^^^^^^^^^^^
  File "/home/user/telegramm-bot-es/.venv/lib/python3.11/site-packages/telegram/_bot.py", line 4780, in get_updates
    await self._post(
  File "/home/user/telegramm-bot-es/.venv/lib/python3.11/site-packages/telegram/_bot.py", line 703, in _post
    return await self._do_post(
           ^^^^^^^^^^^^^^^^^^^^
  File "/home/user/telegramm-bot-es/.venv/lib/python3.11/site-packages/telegram/ext/_extbot.py", line 372, in _do_post
    return await super()._do_post(
           ^^^^^^^^^^^^^^^^^^^^^^^
  File "/home/user/telegramm-bot-es/.venv/lib/python3.11/site-packages/telegram/_bot.py", line 732, in _do_post
    result = await request.post(
             ^^^^^^^^^^^^^^^^^^^
  File "/home/user/telegramm-bot-es/.venv/lib/python3.11/site-packages/telegram/request/_baserequest.py", line 198, in post
    result = await self._request_wrapper(
             ^^^^^^^^^^^^^^^^^^^^^^^^^^^^
  File "/home/user/telegramm-bot-es/.venv/lib/python3.11/site-packages/telegram/request/_baserequest.py", line 375, in _request_wrapper
    raise exception
telegram.error.Conflict: Conflict: terminated by other getUpdates request; make sure that only one bot instance is running
2025-12-05 19:59:16,795 - httpx - INFO - HTTP Request: POST https://api.telegram.org/bot7635905106:AAHuzxw5lw3fhXHx_8b9Wlw_WwGVxACbKAA/getUpdates "HTTP/1.1 409 Conflict"
2025-12-05 19:59:16,800 - telegram.ext.Application - ERROR - No error handlers are registered, logging exception.
Traceback (most recent call last):
  File "/home/user/telegramm-bot-es/.venv/lib/python3.11/site-packages/telegram/ext/_utils/networkloop.py", line 134, in network_retry_loop
    await do_action()
  File "/home/user/telegramm-bot-es/.venv/lib/python3.11/site-packages/telegram/ext/_utils/networkloop.py", line 127, in do_action
    action_cb_task.result()
  File "/home/user/telegramm-bot-es/.venv/lib/python3.11/site-packages/telegram/ext/_updater.py", line 340, in polling_action_cb
    updates = await self.bot.get_updates(
              ^^^^^^^^^^^^^^^^^^^^^^^^^^^
  File "/home/user/telegramm-bot-es/.venv/lib/python3.11/site-packages/telegram/ext/_extbot.py", line 676, in get_updates
    updates = await super().get_updates(
              ^^^^^^^^^^^^^^^^^^^^^^^^^^
  File "/home/user/telegramm-bot-es/.venv/lib/python3.11/site-packages/telegram/_bot.py", line 4780, in get_updates
    await self._post(
  File "/home/user/telegramm-bot-es/.venv/lib/python3.11/site-packages/telegram/_bot.py", line 703, in _post
    return await self._do_post(
           ^^^^^^^^^^^^^^^^^^^^
  File "/home/user/telegramm-bot-es/.venv/lib/python3.11/site-packages/telegram/ext/_extbot.py", line 372, in _do_post
    return await super()._do_post(
           ^^^^^^^^^^^^^^^^^^^^^^^
  File "/home/user/telegramm-bot-es/.venv/lib/python3.11/site-packages/telegram/_bot.py", line 732, in _do_post
    result = await request.post(
             ^^^^^^^^^^^^^^^^^^^
  File "/home/user/telegramm-bot-es/.venv/lib/python3.11/site-packages/telegram/request/_baserequest.py", line 198, in post
    result = await self._request_wrapper(
             ^^^^^^^^^^^^^^^^^^^^^^^^^^^^
  File "/home/user/telegramm-bot-es/.venv/lib/python3.11/site-packages/telegram/request/_baserequest.py", line 375, in _request_wrapper
    raise exception
telegram.error.Conflict: Conflict: terminated by other getUpdates request; make sure that only one bot instance is running
2025-12-05 19:59:21,903 - httpx - INFO - HTTP Request: POST https://api.telegram.org/bot7635905106:AAHuzxw5lw3fhXHx_8b9Wlw_WwGVxACbKAA/getUpdates "HTTP/1.1 409 Conflict"
2025-12-05 19:59:21,906 - telegram.ext.Application - ERROR - No error handlers are registered, logging exception.
Traceback (most recent call last):
  File "/home/user/telegramm-bot-es/.venv/lib/python3.11/site-packages/telegram/ext/_utils/networkloop.py", line 134, in network_retry_loop
    await do_action()
  File "/home/user/telegramm-bot-es/.venv/lib/python3.11/site-packages/telegram/ext/_utils/networkloop.py", line 127, in do_action
    action_cb_task.result()
  File "/home/user/telegramm-bot-es/.venv/lib/python3.11/site-packages/telegram/ext/_updater.py", line 340, in polling_action_cb
    updates = await self.bot.get_updates(
              ^^^^^^^^^^^^^^^^^^^^^^^^^^^
  File "/home/user/telegramm-bot-es/.venv/lib/python3.11/site-packages/telegram/ext/_extbot.py", line 676, in get_updates
    updates = await super().get_updates(
              ^^^^^^^^^^^^^^^^^^^^^^^^^^
  File "/home/user/telegramm-bot-es/.venv/lib/python3.11/site-packages/telegram/_bot.py", line 4780, in get_updates
    await self._post(
  File "/home/user/telegramm-bot-es/.venv/lib/python3.11/site-packages/telegram/_bot.py", line 703, in _post
    return await self._do_post(
           ^^^^^^^^^^^^^^^^^^^^
  File "/home/user/telegramm-bot-es/.venv/lib/python3.11/site-packages/telegram/ext/_extbot.py", line 372, in _do_post
    return await super()._do_post(
           ^^^^^^^^^^^^^^^^^^^^^^^
  File "/home/user/telegramm-bot-es/.venv/lib/python3.11/site-packages/telegram/_bot.py", line 732, in _do_post
    result = await request.post(
             ^^^^^^^^^^^^^^^^^^^
  File "/home/user/telegramm-bot-es/.venv/lib/python3.11/site-packages/telegram/request/_baserequest.py", line 198, in post
    result = await self._request_wrapper(
             ^^^^^^^^^^^^^^^^^^^^^^^^^^^^
  File "/home/user/telegramm-bot-es/.venv/lib/python3.11/site-packages/telegram/request/_baserequest.py", line 375, in _request_wrapper
    raise exception
telegram.error.Conflict: Conflict: terminated by other getUpdates request; make sure that only one bot instance is running
2025-12-05 19:59:31,904 - httpx - INFO - HTTP Request: POST https://api.telegram.org/bot7635905106:AAHuzxw5lw3fhXHx_8b9Wlw_WwGVxACbKAA/getUpdates "HTTP/1.1 200 OK"
2025-12-05 19:59:33,342 - httpx - INFO - HTTP Request: POST https://api.telegram.org/bot7635905106:AAHuzxw5lw3fhXHx_8b9Wlw_WwGVxACbKAA/getUpdates "HTTP/1.1 409 Conflict"
2025-12-05 19:59:33,349 - telegram.ext.Application - ERROR - No error handlers are registered, logging exception.
Traceback (most recent call last):
  File "/home/user/telegramm-bot-es/.venv/lib/python3.11/site-packages/telegram/ext/_utils/networkloop.py", line 134, in network_retry_loop
    await do_action()
  File "/home/user/telegramm-bot-es/.venv/lib/python3.11/site-packages/telegram/ext/_utils/networkloop.py", line 127, in do_action
    action_cb_task.result()
  File "/home/user/telegramm-bot-es/.venv/lib/python3.11/site-packages/telegram/ext/_updater.py", line 340, in polling_action_cb
    updates = await self.bot.get_updates(
              ^^^^^^^^^^^^^^^^^^^^^^^^^^^
  File "/home/user/telegramm-bot-es/.venv/lib/python3.11/site-packages/telegram/ext/_extbot.py", line 676, in get_updates
    updates = await super().get_updates(
              ^^^^^^^^^^^^^^^^^^^^^^^^^^
  File "/home/user/telegramm-bot-es/.venv/lib/python3.11/site-packages/telegram/_bot.py", line 4780, in get_updates
    await self._post(
  File "/home/user/telegramm-bot-es/.venv/lib/python3.11/site-packages/telegram/_bot.py", line 703, in _post
    return await self._do_post(
           ^^^^^^^^^^^^^^^^^^^^
  File "/home/user/telegramm-bot-es/.venv/lib/python3.11/site-packages/telegram/ext/_extbot.py", line 372, in _do_post
    return await super()._do_post(
           ^^^^^^^^^^^^^^^^^^^^^^^
  File "/home/user/telegramm-bot-es/.venv/lib/python3.11/site-packages/telegram/_bot.py", line 732, in _do_post
    result = await request.post(
             ^^^^^^^^^^^^^^^^^^^
  File "/home/user/telegramm-bot-es/.venv/lib/python3.11/site-packages/telegram/request/_baserequest.py", line 198, in post
    result = await self._request_wrapper(
             ^^^^^^^^^^^^^^^^^^^^^^^^^^^^
  File "/home/user/telegramm-bot-es/.venv/lib/python3.11/site-packages/telegram/request/_baserequest.py", line 375, in _request_wrapper
    raise exception
telegram.error.Conflict: Conflict: terminated by other getUpdates request; make sure that only one bot instance is running
2025-12-05 19:59:37,362 - httpx - INFO - HTTP Request: POST https://api.telegram.org/bot7635905106:AAHuzxw5lw3fhXHx_8b9Wlw_WwGVxACbKAA/getUpdates "HTTP/1.1 409 Conflict"
2025-12-05 19:59:37,365 - telegram.ext.Application - ERROR - No error handlers are registered, logging exception.
Traceback (most recent call last):
  File "/home/user/telegramm-bot-es/.venv/lib/python3.11/site-packages/telegram/ext/_utils/networkloop.py", line 134, in network_retry_loop
    await do_action()
  File "/home/user/telegramm-bot-es/.venv/lib/python3.11/site-packages/telegram/ext/_utils/networkloop.py", line 127, in do_action
    action_cb_task.result()
  File "/home/user/telegramm-bot-es/.venv/lib/python3.11/site-packages/telegram/ext/_updater.py", line 340, in polling_action_cb
    updates = await self.bot.get_updates(
              ^^^^^^^^^^^^^^^^^^^^^^^^^^^
  File "/home/user/telegramm-bot-es/.venv/lib/python3.11/site-packages/telegram/ext/_extbot.py", line 676, in get_updates
    updates = await super().get_updates(
              ^^^^^^^^^^^^^^^^^^^^^^^^^^
  File "/home/user/telegramm-bot-es/.venv/lib/python3.11/site-packages/telegram/_bot.py", line 4780, in get_updates
    await self._post(
  File "/home/user/telegramm-bot-es/.venv/lib/python3.11/site-packages/telegram/_bot.py", line 703, in _post
    return await self._do_post(
           ^^^^^^^^^^^^^^^^^^^^
  File "/home/user/telegramm-bot-es/.venv/lib/python3.11/site-packages/telegram/ext/_extbot.py", line 372, in _do_post
    return await super()._do_post(
           ^^^^^^^^^^^^^^^^^^^^^^^
  File "/home/user/telegramm-bot-es/.venv/lib/python3.11/site-packages/telegram/_bot.py", line 732, in _do_post
    result = await request.post(
             ^^^^^^^^^^^^^^^^^^^
  File "/home/user/telegramm-bot-es/.venv/lib/python3.11/site-packages/telegram/request/_baserequest.py", line 198, in post
    result = await self._request_wrapper(
             ^^^^^^^^^^^^^^^^^^^^^^^^^^^^
  File "/home/user/telegramm-bot-es/.venv/lib/python3.11/site-packages/telegram/request/_baserequest.py", line 375, in _request_wrapper
    raise exception
telegram.error.Conflict: Conflict: terminated by other getUpdates request; make sure that only one bot instance is running
2025-12-05 19:59:44,363 - httpx - INFO - HTTP Request: POST https://api.telegram.org/bot7635905106:AAHuzxw5lw3fhXHx_8b9Wlw_WwGVxACbKAA/getUpdates "HTTP/1.1 200 OK"
2025-12-05 19:59:52,641 - httpx - INFO - HTTP Request: POST https://api.telegram.org/bot7635905106:AAHuzxw5lw3fhXHx_8b9Wlw_WwGVxACbKAA/getUpdates "HTTP/1.1 200 OK"
2025-12-05 19:59:54,500 - httpx - INFO - HTTP Request: POST https://api.telegram.org/bot7635905106:AAHuzxw5lw3fhXHx_8b9Wlw_WwGVxACbKAA/getUpdates "HTTP/1.1 409 Conflict"
2025-12-05 19:59:54,502 - telegram.ext.Application - ERROR - No error handlers are registered, logging exception.
Traceback (most recent call last):
  File "/home/user/telegramm-bot-es/.venv/lib/python3.11/site-packages/telegram/ext/_utils/networkloop.py", line 134, in network_retry_loop
    await do_action()
  File "/home/user/telegramm-bot-es/.venv/lib/python3.11/site-packages/telegram/ext/_utils/networkloop.py", line 127, in do_action
    action_cb_task.result()
  File "/home/user/telegramm-bot-es/.venv/lib/python3.11/site-packages/telegram/ext/_updater.py", line 340, in polling_action_cb
    updates = await self.bot.get_updates(
              ^^^^^^^^^^^^^^^^^^^^^^^^^^^
  File "/home/user/telegramm-bot-es/.venv/lib/python3.11/site-packages/telegram/ext/_extbot.py", line 676, in get_updates
    updates = await super().get_updates(
              ^^^^^^^^^^^^^^^^^^^^^^^^^^
  File "/home/user/telegramm-bot-es/.venv/lib/python3.11/site-packages/telegram/_bot.py", line 4780, in get_updates
    await self._post(
  File "/home/user/telegramm-bot-es/.venv/lib/python3.11/site-packages/telegram/_bot.py", line 703, in _post
    return await self._do_post(
           ^^^^^^^^^^^^^^^^^^^^
  File "/home/user/telegramm-bot-es/.venv/lib/python3.11/site-packages/telegram/ext/_extbot.py", line 372, in _do_post
    return await super()._do_post(
           ^^^^^^^^^^^^^^^^^^^^^^^
  File "/home/user/telegramm-bot-es/.venv/lib/python3.11/site-packages/telegram/_bot.py", line 732, in _do_post
    result = await request.post(
             ^^^^^^^^^^^^^^^^^^^
  File "/home/user/telegramm-bot-es/.venv/lib/python3.11/site-packages/telegram/request/_baserequest.py", line 198, in post
    result = await self._request_wrapper(
             ^^^^^^^^^^^^^^^^^^^^^^^^^^^^
  File "/home/user/telegramm-bot-es/.venv/lib/python3.11/site-packages/telegram/request/_baserequest.py", line 375, in _request_wrapper
    raise exception
telegram.error.Conflict: Conflict: terminated by other getUpdates request; make sure that only one bot instance is running
2025-12-05 19:59:58,514 - httpx - INFO - HTTP Request: POST https://api.telegram.org/bot7635905106:AAHuzxw5lw3fhXHx_8b9Wlw_WwGVxACbKAA/getUpdates "HTTP/1.1 409 Conflict"
2025-12-05 19:59:58,520 - telegram.ext.Application - ERROR - No error handlers are registered, logging exception.
Traceback (most recent call last):
  File "/home/user/telegramm-bot-es/.venv/lib/python3.11/site-packages/telegram/ext/_utils/networkloop.py", line 134, in network_retry_loop
    await do_action()
  File "/home/user/telegramm-bot-es/.venv/lib/python3.11/site-packages/telegram/ext/_utils/networkloop.py", line 127, in do_action
    action_cb_task.result()
  File "/home/user/telegramm-bot-es/.venv/lib/python3.11/site-packages/telegram/ext/_updater.py", line 340, in polling_action_cb
    updates = await self.bot.get_updates(
              ^^^^^^^^^^^^^^^^^^^^^^^^^^^
  File "/home/user/telegramm-bot-es/.venv/lib/python3.11/site-packages/telegram/ext/_extbot.py", line 676, in get_updates
    updates = await super().get_updates(
              ^^^^^^^^^^^^^^^^^^^^^^^^^^
  File "/home/user/telegramm-bot-es/.venv/lib/python3.11/site-packages/telegram/_bot.py", line 4780, in get_updates
    await self._post(
  File "/home/user/telegramm-bot-es/.venv/lib/python3.11/site-packages/telegram/_bot.py", line 703, in _post
    return await self._do_post(
           ^^^^^^^^^^^^^^^^^^^^
  File "/home/user/telegramm-bot-es/.venv/lib/python3.11/site-packages/telegram/ext/_extbot.py", line 372, in _do_post
    return await super()._do_post(
           ^^^^^^^^^^^^^^^^^^^^^^^
  File "/home/user/telegramm-bot-es/.venv/lib/python3.11/site-packages/telegram/_bot.py", line 732, in _do_post
    result = await request.post(
             ^^^^^^^^^^^^^^^^^^^
  File "/home/user/telegramm-bot-es/.venv/lib/python3.11/site-packages/telegram/request/_baserequest.py", line 198, in post
    result = await self._request_wrapper(
             ^^^^^^^^^^^^^^^^^^^^^^^^^^^^
  File "/home/user/telegramm-bot-es/.venv/lib/python3.11/site-packages/telegram/request/_baserequest.py", line 375, in _request_wrapper
    raise exception
telegram.error.Conflict: Conflict: terminated by other getUpdates request; make sure that only one bot instance is running
2025-12-05 20:00:05,515 - httpx - INFO - HTTP Request: POST https://api.telegram.org/bot7635905106:AAHuzxw5lw3fhXHx_8b9Wlw_WwGVxACbKAA/getUpdates "HTTP/1.1 200 OK"
2025-12-05 20:00:10,917 - __main__ - INFO - 🤖 Invite-Bot läuft …
2025-12-05 20:00:10,977 - httpx - INFO - HTTP Request: POST https://api.telegram.org/bot7635905106:AAHuzxw5lw3fhXHx_8b9Wlw_WwGVxACbKAA/getMe "HTTP/1.1 200 OK"
2025-12-05 20:00:10,990 - httpx - INFO - HTTP Request: POST https://api.telegram.org/bot7635905106:AAHuzxw5lw3fhXHx_8b9Wlw_WwGVxACbKAA/deleteWebhook "HTTP/1.1 200 OK"
2025-12-05 20:00:10,998 - apscheduler.scheduler - INFO - Scheduler started
2025-12-05 20:00:11,000 - telegram.ext.Application - INFO - Application started
2025-12-05 20:00:11,042 - httpx - INFO - HTTP Request: POST https://api.telegram.org/bot7635905106:AAHuzxw5lw3fhXHx_8b9Wlw_WwGVxACbKAA/getUpdates "HTTP/1.1 409 Conflict"
2025-12-05 20:00:11,044 - telegram.ext.Application - ERROR - No error handlers are registered, logging exception.
Traceback (most recent call last):
  File "/home/user/telegramm-bot-es/.venv/lib/python3.11/site-packages/telegram/ext/_utils/networkloop.py", line 134, in network_retry_loop
    await do_action()
  File "/home/user/telegramm-bot-es/.venv/lib/python3.11/site-packages/telegram/ext/_utils/networkloop.py", line 127, in do_action
    action_cb_task.result()
  File "/home/user/telegramm-bot-es/.venv/lib/python3.11/site-packages/telegram/ext/_updater.py", line 340, in polling_action_cb
    updates = await self.bot.get_updates(
              ^^^^^^^^^^^^^^^^^^^^^^^^^^^
  File "/home/user/telegramm-bot-es/.venv/lib/python3.11/site-packages/telegram/ext/_extbot.py", line 676, in get_updates
    updates = await super().get_updates(
              ^^^^^^^^^^^^^^^^^^^^^^^^^^
  File "/home/user/telegramm-bot-es/.venv/lib/python3.11/site-packages/telegram/_bot.py", line 4780, in get_updates
    await self._post(
  File "/home/user/telegramm-bot-es/.venv/lib/python3.11/site-packages/telegram/_bot.py", line 703, in _post
    return await self._do_post(
           ^^^^^^^^^^^^^^^^^^^^
  File "/home/user/telegramm-bot-es/.venv/lib/python3.11/site-packages/telegram/ext/_extbot.py", line 372, in _do_post
    return await super()._do_post(
           ^^^^^^^^^^^^^^^^^^^^^^^
  File "/home/user/telegramm-bot-es/.venv/lib/python3.11/site-packages/telegram/_bot.py", line 732, in _do_post
    result = await request.post(
             ^^^^^^^^^^^^^^^^^^^
  File "/home/user/telegramm-bot-es/.venv/lib/python3.11/site-packages/telegram/request/_baserequest.py", line 198, in post
    result = await self._request_wrapper(
             ^^^^^^^^^^^^^^^^^^^^^^^^^^^^
  File "/home/user/telegramm-bot-es/.venv/lib/python3.11/site-packages/telegram/request/_baserequest.py", line 375, in _request_wrapper
    raise exception
telegram.error.Conflict: Conflict: terminated by other getUpdates request; make sure that only one bot instance is running
2025-12-05 20:00:11,447 - httpx - INFO - HTTP Request: POST https://api.telegram.org/bot7635905106:AAHuzxw5lw3fhXHx_8b9Wlw_WwGVxACbKAA/getUpdates "HTTP/1.1 200 OK"
2025-12-05 20:00:11,510 - httpx - INFO - HTTP Request: POST https://api.telegram.org/bot7635905106:AAHuzxw5lw3fhXHx_8b9Wlw_WwGVxACbKAA/sendMessage "HTTP/1.1 200 OK"
2025-12-05 20:00:15,061 - httpx - INFO - HTTP Request: POST https://api.telegram.org/bot7635905106:AAHuzxw5lw3fhXHx_8b9Wlw_WwGVxACbKAA/getUpdates "HTTP/1.1 409 Conflict"
2025-12-05 20:00:15,067 - telegram.ext.Application - ERROR - No error handlers are registered, logging exception.
Traceback (most recent call last):
  File "/home/user/telegramm-bot-es/.venv/lib/python3.11/site-packages/telegram/ext/_utils/networkloop.py", line 134, in network_retry_loop
    await do_action()
  File "/home/user/telegramm-bot-es/.venv/lib/python3.11/site-packages/telegram/ext/_utils/networkloop.py", line 127, in do_action
    action_cb_task.result()
  File "/home/user/telegramm-bot-es/.venv/lib/python3.11/site-packages/telegram/ext/_updater.py", line 340, in polling_action_cb
    updates = await self.bot.get_updates(
              ^^^^^^^^^^^^^^^^^^^^^^^^^^^
  File "/home/user/telegramm-bot-es/.venv/lib/python3.11/site-packages/telegram/ext/_extbot.py", line 676, in get_updates
    updates = await super().get_updates(
              ^^^^^^^^^^^^^^^^^^^^^^^^^^
  File "/home/user/telegramm-bot-es/.venv/lib/python3.11/site-packages/telegram/_bot.py", line 4780, in get_updates
    await self._post(
  File "/home/user/telegramm-bot-es/.venv/lib/python3.11/site-packages/telegram/_bot.py", line 703, in _post
    return await self._do_post(
           ^^^^^^^^^^^^^^^^^^^^
  File "/home/user/telegramm-bot-es/.venv/lib/python3.11/site-packages/telegram/ext/_extbot.py", line 372, in _do_post
    return await super()._do_post(
           ^^^^^^^^^^^^^^^^^^^^^^^
  File "/home/user/telegramm-bot-es/.venv/lib/python3.11/site-packages/telegram/_bot.py", line 732, in _do_post
    result = await request.post(
             ^^^^^^^^^^^^^^^^^^^
  File "/home/user/telegramm-bot-es/.venv/lib/python3.11/site-packages/telegram/request/_baserequest.py", line 198, in post
    result = await self._request_wrapper(
             ^^^^^^^^^^^^^^^^^^^^^^^^^^^^
  File "/home/user/telegramm-bot-es/.venv/lib/python3.11/site-packages/telegram/request/_baserequest.py", line 375, in _request_wrapper
    raise exception
telegram.error.Conflict: Conflict: terminated by other getUpdates request; make sure that only one bot instance is running
2025-12-05 20:00:16,089 - httpx - INFO - HTTP Request: POST https://api.telegram.org/bot7635905106:AAHuzxw5lw3fhXHx_8b9Wlw_WwGVxACbKAA/getUpdates "HTTP/1.1 409 Conflict"
2025-12-05 20:00:16,092 - telegram.ext.Application - ERROR - No error handlers are registered, logging exception.
Traceback (most recent call last):
  File "/home/user/telegramm-bot-es/.venv/lib/python3.11/site-packages/telegram/ext/_utils/networkloop.py", line 134, in network_retry_loop
    await do_action()
  File "/home/user/telegramm-bot-es/.venv/lib/python3.11/site-packages/telegram/ext/_utils/networkloop.py", line 127, in do_action
    action_cb_task.result()
  File "/home/user/telegramm-bot-es/.venv/lib/python3.11/site-packages/telegram/ext/_updater.py", line 340, in polling_action_cb
    updates = await self.bot.get_updates(
              ^^^^^^^^^^^^^^^^^^^^^^^^^^^
  File "/home/user/telegramm-bot-es/.venv/lib/python3.11/site-packages/telegram/ext/_extbot.py", line 676, in get_updates
    updates = await super().get_updates(
              ^^^^^^^^^^^^^^^^^^^^^^^^^^
  File "/home/user/telegramm-bot-es/.venv/lib/python3.11/site-packages/telegram/_bot.py", line 4780, in get_updates
    await self._post(
  File "/home/user/telegramm-bot-es/.venv/lib/python3.11/site-packages/telegram/_bot.py", line 703, in _post
    return await self._do_post(
           ^^^^^^^^^^^^^^^^^^^^
  File "/home/user/telegramm-bot-es/.venv/lib/python3.11/site-packages/telegram/ext/_extbot.py", line 372, in _do_post
    return await super()._do_post(
           ^^^^^^^^^^^^^^^^^^^^^^^
  File "/home/user/telegramm-bot-es/.venv/lib/python3.11/site-packages/telegram/_bot.py", line 732, in _do_post
    result = await request.post(
             ^^^^^^^^^^^^^^^^^^^
  File "/home/user/telegramm-bot-es/.venv/lib/python3.11/site-packages/telegram/request/_baserequest.py", line 198, in post
    result = await self._request_wrapper(
             ^^^^^^^^^^^^^^^^^^^^^^^^^^^^
  File "/home/user/telegramm-bot-es/.venv/lib/python3.11/site-packages/telegram/request/_baserequest.py", line 375, in _request_wrapper
    raise exception
telegram.error.Conflict: Conflict: terminated by other getUpdates request; make sure that only one bot instance is running
2025-12-05 20:00:20,609 - httpx - INFO - HTTP Request: POST https://api.telegram.org/bot7635905106:AAHuzxw5lw3fhXHx_8b9Wlw_WwGVxACbKAA/getUpdates "HTTP/1.1 409 Conflict"
2025-12-05 20:00:20,623 - telegram.ext.Application - ERROR - No error handlers are registered, logging exception.
Traceback (most recent call last):
  File "/home/user/telegramm-bot-es/.venv/lib/python3.11/site-packages/telegram/ext/_utils/networkloop.py", line 134, in network_retry_loop
    await do_action()
  File "/home/user/telegramm-bot-es/.venv/lib/python3.11/site-packages/telegram/ext/_utils/networkloop.py", line 127, in do_action
    action_cb_task.result()
  File "/home/user/telegramm-bot-es/.venv/lib/python3.11/site-packages/telegram/ext/_updater.py", line 340, in polling_action_cb
    updates = await self.bot.get_updates(
              ^^^^^^^^^^^^^^^^^^^^^^^^^^^
  File "/home/user/telegramm-bot-es/.venv/lib/python3.11/site-packages/telegram/ext/_extbot.py", line 676, in get_updates
    updates = await super().get_updates(
              ^^^^^^^^^^^^^^^^^^^^^^^^^^
  File "/home/user/telegramm-bot-es/.venv/lib/python3.11/site-packages/telegram/_bot.py", line 4780, in get_updates
    await self._post(
  File "/home/user/telegramm-bot-es/.venv/lib/python3.11/site-packages/telegram/_bot.py", line 703, in _post
    return await self._do_post(
           ^^^^^^^^^^^^^^^^^^^^
  File "/home/user/telegramm-bot-es/.venv/lib/python3.11/site-packages/telegram/ext/_extbot.py", line 372, in _do_post
    return await super()._do_post(
           ^^^^^^^^^^^^^^^^^^^^^^^
  File "/home/user/telegramm-bot-es/.venv/lib/python3.11/site-packages/telegram/_bot.py", line 732, in _do_post
    result = await request.post(
             ^^^^^^^^^^^^^^^^^^^
  File "/home/user/telegramm-bot-es/.venv/lib/python3.11/site-packages/telegram/request/_baserequest.py", line 198, in post
    result = await self._request_wrapper(
             ^^^^^^^^^^^^^^^^^^^^^^^^^^^^
  File "/home/user/telegramm-bot-es/.venv/lib/python3.11/site-packages/telegram/request/_baserequest.py", line 375, in _request_wrapper
    raise exception
telegram.error.Conflict: Conflict: terminated by other getUpdates request; make sure that only one bot instance is running
2025-12-05 20:00:22,135 - httpx - INFO - HTTP Request: POST https://api.telegram.org/bot7635905106:AAHuzxw5lw3fhXHx_8b9Wlw_WwGVxACbKAA/getUpdates "HTTP/1.1 409 Conflict"
2025-12-05 20:00:22,140 - telegram.ext.Application - ERROR - No error handlers are registered, logging exception.
Traceback (most recent call last):
  File "/home/user/telegramm-bot-es/.venv/lib/python3.11/site-packages/telegram/ext/_utils/networkloop.py", line 134, in network_retry_loop
    await do_action()
  File "/home/user/telegramm-bot-es/.venv/lib/python3.11/site-packages/telegram/ext/_utils/networkloop.py", line 127, in do_action
    action_cb_task.result()
  File "/home/user/telegramm-bot-es/.venv/lib/python3.11/site-packages/telegram/ext/_updater.py", line 340, in polling_action_cb
    updates = await self.bot.get_updates(
              ^^^^^^^^^^^^^^^^^^^^^^^^^^^
  File "/home/user/telegramm-bot-es/.venv/lib/python3.11/site-packages/telegram/ext/_extbot.py", line 676, in get_updates
    updates = await super().get_updates(
              ^^^^^^^^^^^^^^^^^^^^^^^^^^
  File "/home/user/telegramm-bot-es/.venv/lib/python3.11/site-packages/telegram/_bot.py", line 4780, in get_updates
    await self._post(
  File "/home/user/telegramm-bot-es/.venv/lib/python3.11/site-packages/telegram/_bot.py", line 703, in _post
    return await self._do_post(
           ^^^^^^^^^^^^^^^^^^^^
  File "/home/user/telegramm-bot-es/.venv/lib/python3.11/site-packages/telegram/ext/_extbot.py", line 372, in _do_post
    return await super()._do_post(
           ^^^^^^^^^^^^^^^^^^^^^^^
  File "/home/user/telegramm-bot-es/.venv/lib/python3.11/site-packages/telegram/_bot.py", line 732, in _do_post
    result = await request.post(
             ^^^^^^^^^^^^^^^^^^^
  File "/home/user/telegramm-bot-es/.venv/lib/python3.11/site-packages/telegram/request/_baserequest.py", line 198, in post
    result = await self._request_wrapper(
             ^^^^^^^^^^^^^^^^^^^^^^^^^^^^
  File "/home/user/telegramm-bot-es/.venv/lib/python3.11/site-packages/telegram/request/_baserequest.py", line 375, in _request_wrapper
    raise exception
telegram.error.Conflict: Conflict: terminated by other getUpdates request; make sure that only one bot instance is running
2025-12-05 20:00:24,219 - httpx - INFO - HTTP Request: POST https://api.telegram.org/bot7635905106:AAHuzxw5lw3fhXHx_8b9Wlw_WwGVxACbKAA/getUpdates "HTTP/1.1 200 OK"
2025-12-05 20:00:24,223 - telegram.ext.Application - INFO - Application is stopping. This might take a moment.
2025-12-05 20:00:24,226 - apscheduler.scheduler - INFO - Scheduler has been shut down
2025-12-05 20:00:24,239 - telegram.ext.Application - INFO - Application.stop() complete
2025-12-05 20:00:27,420 - httpx - INFO - HTTP Request: POST https://api.telegram.org/bot7635905106:AAHuzxw5lw3fhXHx_8b9Wlw_WwGVxACbKAA/getUpdates "HTTP/1.1 409 Conflict"
2025-12-05 20:00:27,423 - telegram.ext.Application - ERROR - No error handlers are registered, logging exception.
Traceback (most recent call last):
  File "/home/user/telegramm-bot-es/.venv/lib/python3.11/site-packages/telegram/ext/_utils/networkloop.py", line 134, in network_retry_loop
    await do_action()
  File "/home/user/telegramm-bot-es/.venv/lib/python3.11/site-packages/telegram/ext/_utils/networkloop.py", line 127, in do_action
    action_cb_task.result()
  File "/home/user/telegramm-bot-es/.venv/lib/python3.11/site-packages/telegram/ext/_updater.py", line 340, in polling_action_cb
    updates = await self.bot.get_updates(
              ^^^^^^^^^^^^^^^^^^^^^^^^^^^
  File "/home/user/telegramm-bot-es/.venv/lib/python3.11/site-packages/telegram/ext/_extbot.py", line 676, in get_updates
    updates = await super().get_updates(
              ^^^^^^^^^^^^^^^^^^^^^^^^^^
  File "/home/user/telegramm-bot-es/.venv/lib/python3.11/site-packages/telegram/_bot.py", line 4780, in get_updates
    await self._post(
  File "/home/user/telegramm-bot-es/.venv/lib/python3.11/site-packages/telegram/_bot.py", line 703, in _post
    return await self._do_post(
           ^^^^^^^^^^^^^^^^^^^^
  File "/home/user/telegramm-bot-es/.venv/lib/python3.11/site-packages/telegram/ext/_extbot.py", line 372, in _do_post
    return await super()._do_post(
           ^^^^^^^^^^^^^^^^^^^^^^^
  File "/home/user/telegramm-bot-es/.venv/lib/python3.11/site-packages/telegram/_bot.py", line 732, in _do_post
    result = await request.post(
             ^^^^^^^^^^^^^^^^^^^
  File "/home/user/telegramm-bot-es/.venv/lib/python3.11/site-packages/telegram/request/_baserequest.py", line 198, in post
    result = await self._request_wrapper(
             ^^^^^^^^^^^^^^^^^^^^^^^^^^^^
  File "/home/user/telegramm-bot-es/.venv/lib/python3.11/site-packages/telegram/request/_baserequest.py", line 375, in _request_wrapper
    raise exception
telegram.error.Conflict: Conflict: terminated by other getUpdates request; make sure that only one bot instance is running
2025-12-05 20:00:29,693 - httpx - INFO - HTTP Request: POST https://api.telegram.org/bot7635905106:AAHuzxw5lw3fhXHx_8b9Wlw_WwGVxACbKAA/getUpdates "HTTP/1.1 409 Conflict"
2025-12-05 20:00:29,701 - telegram.ext.Application - ERROR - No error handlers are registered, logging exception.
Traceback (most recent call last):
  File "/home/user/telegramm-bot-es/.venv/lib/python3.11/site-packages/telegram/ext/_utils/networkloop.py", line 134, in network_retry_loop
    await do_action()
  File "/home/user/telegramm-bot-es/.venv/lib/python3.11/site-packages/telegram/ext/_utils/networkloop.py", line 127, in do_action
    action_cb_task.result()
  File "/home/user/telegramm-bot-es/.venv/lib/python3.11/site-packages/telegram/ext/_updater.py", line 340, in polling_action_cb
    updates = await self.bot.get_updates(
              ^^^^^^^^^^^^^^^^^^^^^^^^^^^
  File "/home/user/telegramm-bot-es/.venv/lib/python3.11/site-packages/telegram/ext/_extbot.py", line 676, in get_updates
    updates = await super().get_updates(
              ^^^^^^^^^^^^^^^^^^^^^^^^^^
  File "/home/user/telegramm-bot-es/.venv/lib/python3.11/site-packages/telegram/_bot.py", line 4780, in get_updates
    await self._post(
  File "/home/user/telegramm-bot-es/.venv/lib/python3.11/site-packages/telegram/_bot.py", line 703, in _post
    return await self._do_post(
           ^^^^^^^^^^^^^^^^^^^^
  File "/home/user/telegramm-bot-es/.venv/lib/python3.11/site-packages/telegram/ext/_extbot.py", line 372, in _do_post
    return await super()._do_post(
           ^^^^^^^^^^^^^^^^^^^^^^^
  File "/home/user/telegramm-bot-es/.venv/lib/python3.11/site-packages/telegram/_bot.py", line 732, in _do_post
    result = await request.post(
             ^^^^^^^^^^^^^^^^^^^
  File "/home/user/telegramm-bot-es/.venv/lib/python3.11/site-packages/telegram/request/_baserequest.py", line 198, in post
    result = await self._request_wrapper(
             ^^^^^^^^^^^^^^^^^^^^^^^^^^^^
  File "/home/user/telegramm-bot-es/.venv/lib/python3.11/site-packages/telegram/request/_baserequest.py", line 375, in _request_wrapper
    raise exception
telegram.error.Conflict: Conflict: terminated by other getUpdates request; make sure that only one bot instance is running
2025-12-05 20:00:33,092 - httpx - INFO - HTTP Request: POST https://api.telegram.org/bot7635905106:AAHuzxw5lw3fhXHx_8b9Wlw_WwGVxACbKAA/getUpdates "HTTP/1.1 409 Conflict"
2025-12-05 20:00:33,097 - telegram.ext.Application - ERROR - No error handlers are registered, logging exception.
Traceback (most recent call last):
  File "/home/user/telegramm-bot-es/.venv/lib/python3.11/site-packages/telegram/ext/_utils/networkloop.py", line 134, in network_retry_loop
    await do_action()
  File "/home/user/telegramm-bot-es/.venv/lib/python3.11/site-packages/telegram/ext/_utils/networkloop.py", line 127, in do_action
    action_cb_task.result()
  File "/home/user/telegramm-bot-es/.venv/lib/python3.11/site-packages/telegram/ext/_updater.py", line 340, in polling_action_cb
    updates = await self.bot.get_updates(
              ^^^^^^^^^^^^^^^^^^^^^^^^^^^
  File "/home/user/telegramm-bot-es/.venv/lib/python3.11/site-packages/telegram/ext/_extbot.py", line 676, in get_updates
    updates = await super().get_updates(
              ^^^^^^^^^^^^^^^^^^^^^^^^^^
  File "/home/user/telegramm-bot-es/.venv/lib/python3.11/site-packages/telegram/_bot.py", line 4780, in get_updates
    await self._post(
  File "/home/user/telegramm-bot-es/.venv/lib/python3.11/site-packages/telegram/_bot.py", line 703, in _post
    return await self._do_post(
           ^^^^^^^^^^^^^^^^^^^^
  File "/home/user/telegramm-bot-es/.venv/lib/python3.11/site-packages/telegram/ext/_extbot.py", line 372, in _do_post
    return await super()._do_post(
           ^^^^^^^^^^^^^^^^^^^^^^^
  File "/home/user/telegramm-bot-es/.venv/lib/python3.11/site-packages/telegram/_bot.py", line 732, in _do_post
    result = await request.post(
             ^^^^^^^^^^^^^^^^^^^
  File "/home/user/telegramm-bot-es/.venv/lib/python3.11/site-packages/telegram/request/_baserequest.py", line 198, in post
    result = await self._request_wrapper(
             ^^^^^^^^^^^^^^^^^^^^^^^^^^^^
  File "/home/user/telegramm-bot-es/.venv/lib/python3.11/site-packages/telegram/request/_baserequest.py", line 375, in _request_wrapper
    raise exception
telegram.error.Conflict: Conflict: terminated by other getUpdates request; make sure that only one bot instance is running
2025-12-05 20:00:36,486 - httpx - INFO - HTTP Request: POST https://api.telegram.org/bot7635905106:AAHuzxw5lw3fhXHx_8b9Wlw_WwGVxACbKAA/getUpdates "HTTP/1.1 409 Conflict"
2025-12-05 20:00:36,495 - telegram.ext.Application - ERROR - No error handlers are registered, logging exception.
Traceback (most recent call last):
  File "/home/user/telegramm-bot-es/.venv/lib/python3.11/site-packages/telegram/ext/_utils/networkloop.py", line 134, in network_retry_loop
    await do_action()
  File "/home/user/telegramm-bot-es/.venv/lib/python3.11/site-packages/telegram/ext/_utils/networkloop.py", line 127, in do_action
    action_cb_task.result()
  File "/home/user/telegramm-bot-es/.venv/lib/python3.11/site-packages/telegram/ext/_updater.py", line 340, in polling_action_cb
    updates = await self.bot.get_updates(
              ^^^^^^^^^^^^^^^^^^^^^^^^^^^
  File "/home/user/telegramm-bot-es/.venv/lib/python3.11/site-packages/telegram/ext/_extbot.py", line 676, in get_updates
    updates = await super().get_updates(
              ^^^^^^^^^^^^^^^^^^^^^^^^^^
  File "/home/user/telegramm-bot-es/.venv/lib/python3.11/site-packages/telegram/_bot.py", line 4780, in get_updates
    await self._post(
  File "/home/user/telegramm-bot-es/.venv/lib/python3.11/site-packages/telegram/_bot.py", line 703, in _post
    return await self._do_post(
           ^^^^^^^^^^^^^^^^^^^^
  File "/home/user/telegramm-bot-es/.venv/lib/python3.11/site-packages/telegram/ext/_extbot.py", line 372, in _do_post
    return await super()._do_post(
           ^^^^^^^^^^^^^^^^^^^^^^^
  File "/home/user/telegramm-bot-es/.venv/lib/python3.11/site-packages/telegram/_bot.py", line 732, in _do_post
    result = await request.post(
             ^^^^^^^^^^^^^^^^^^^
  File "/home/user/telegramm-bot-es/.venv/lib/python3.11/site-packages/telegram/request/_baserequest.py", line 198, in post
    result = await self._request_wrapper(
             ^^^^^^^^^^^^^^^^^^^^^^^^^^^^
  File "/home/user/telegramm-bot-es/.venv/lib/python3.11/site-packages/telegram/request/_baserequest.py", line 375, in _request_wrapper
    raise exception
telegram.error.Conflict: Conflict: terminated by other getUpdates request; make sure that only one bot instance is running
2025-12-05 20:00:41,615 - httpx - INFO - HTTP Request: POST https://api.telegram.org/bot7635905106:AAHuzxw5lw3fhXHx_8b9Wlw_WwGVxACbKAA/getUpdates "HTTP/1.1 409 Conflict"
2025-12-05 20:00:41,621 - telegram.ext.Application - ERROR - No error handlers are registered, logging exception.
Traceback (most recent call last):
  File "/home/user/telegramm-bot-es/.venv/lib/python3.11/site-packages/telegram/ext/_utils/networkloop.py", line 134, in network_retry_loop
    await do_action()
  File "/home/user/telegramm-bot-es/.venv/lib/python3.11/site-packages/telegram/ext/_utils/networkloop.py", line 127, in do_action
    action_cb_task.result()
  File "/home/user/telegramm-bot-es/.venv/lib/python3.11/site-packages/telegram/ext/_updater.py", line 340, in polling_action_cb
    updates = await self.bot.get_updates(
              ^^^^^^^^^^^^^^^^^^^^^^^^^^^
  File "/home/user/telegramm-bot-es/.venv/lib/python3.11/site-packages/telegram/ext/_extbot.py", line 676, in get_updates
    updates = await super().get_updates(
              ^^^^^^^^^^^^^^^^^^^^^^^^^^
  File "/home/user/telegramm-bot-es/.venv/lib/python3.11/site-packages/telegram/_bot.py", line 4780, in get_updates
    await self._post(
  File "/home/user/telegramm-bot-es/.venv/lib/python3.11/site-packages/telegram/_bot.py", line 703, in _post
    return await self._do_post(
           ^^^^^^^^^^^^^^^^^^^^
  File "/home/user/telegramm-bot-es/.venv/lib/python3.11/site-packages/telegram/ext/_extbot.py", line 372, in _do_post
    return await super()._do_post(
           ^^^^^^^^^^^^^^^^^^^^^^^
  File "/home/user/telegramm-bot-es/.venv/lib/python3.11/site-packages/telegram/_bot.py", line 732, in _do_post
    result = await request.post(
             ^^^^^^^^^^^^^^^^^^^
  File "/home/user/telegramm-bot-es/.venv/lib/python3.11/site-packages/telegram/request/_baserequest.py", line 198, in post
    result = await self._request_wrapper(
             ^^^^^^^^^^^^^^^^^^^^^^^^^^^^
  File "/home/user/telegramm-bot-es/.venv/lib/python3.11/site-packages/telegram/request/_baserequest.py", line 375, in _request_wrapper
    raise exception
telegram.error.Conflict: Conflict: terminated by other getUpdates request; make sure that only one bot instance is running
2025-12-05 20:00:46,735 - httpx - INFO - HTTP Request: POST https://api.telegram.org/bot7635905106:AAHuzxw5lw3fhXHx_8b9Wlw_WwGVxACbKAA/getUpdates "HTTP/1.1 409 Conflict"
2025-12-05 20:00:46,744 - telegram.ext.Application - ERROR - No error handlers are registered, logging exception.
Traceback (most recent call last):
  File "/home/user/telegramm-bot-es/.venv/lib/python3.11/site-packages/telegram/ext/_utils/networkloop.py", line 134, in network_retry_loop
    await do_action()
  File "/home/user/telegramm-bot-es/.venv/lib/python3.11/site-packages/telegram/ext/_utils/networkloop.py", line 127, in do_action
    action_cb_task.result()
  File "/home/user/telegramm-bot-es/.venv/lib/python3.11/site-packages/telegram/ext/_updater.py", line 340, in polling_action_cb
    updates = await self.bot.get_updates(
              ^^^^^^^^^^^^^^^^^^^^^^^^^^^
  File "/home/user/telegramm-bot-es/.venv/lib/python3.11/site-packages/telegram/ext/_extbot.py", line 676, in get_updates
    updates = await super().get_updates(
              ^^^^^^^^^^^^^^^^^^^^^^^^^^
  File "/home/user/telegramm-bot-es/.venv/lib/python3.11/site-packages/telegram/_bot.py", line 4780, in get_updates
    await self._post(
  File "/home/user/telegramm-bot-es/.venv/lib/python3.11/site-packages/telegram/_bot.py", line 703, in _post
    return await self._do_post(
           ^^^^^^^^^^^^^^^^^^^^
  File "/home/user/telegramm-bot-es/.venv/lib/python3.11/site-packages/telegram/ext/_extbot.py", line 372, in _do_post
    return await super()._do_post(
           ^^^^^^^^^^^^^^^^^^^^^^^
  File "/home/user/telegramm-bot-es/.venv/lib/python3.11/site-packages/telegram/_bot.py", line 732, in _do_post
    result = await request.post(
             ^^^^^^^^^^^^^^^^^^^
  File "/home/user/telegramm-bot-es/.venv/lib/python3.11/site-packages/telegram/request/_baserequest.py", line 198, in post
    result = await self._request_wrapper(
             ^^^^^^^^^^^^^^^^^^^^^^^^^^^^
  File "/home/user/telegramm-bot-es/.venv/lib/python3.11/site-packages/telegram/request/_baserequest.py", line 375, in _request_wrapper
    raise exception
telegram.error.Conflict: Conflict: terminated by other getUpdates request; make sure that only one bot instance is running
2025-12-05 20:00:54,390 - httpx - INFO - HTTP Request: POST https://api.telegram.org/bot7635905106:AAHuzxw5lw3fhXHx_8b9Wlw_WwGVxACbKAA/getUpdates "HTTP/1.1 409 Conflict"
2025-12-05 20:00:54,397 - telegram.ext.Application - ERROR - No error handlers are registered, logging exception.
Traceback (most recent call last):
  File "/home/user/telegramm-bot-es/.venv/lib/python3.11/site-packages/telegram/ext/_utils/networkloop.py", line 134, in network_retry_loop
    await do_action()
  File "/home/user/telegramm-bot-es/.venv/lib/python3.11/site-packages/telegram/ext/_utils/networkloop.py", line 127, in do_action
    action_cb_task.result()
  File "/home/user/telegramm-bot-es/.venv/lib/python3.11/site-packages/telegram/ext/_updater.py", line 340, in polling_action_cb
    updates = await self.bot.get_updates(
              ^^^^^^^^^^^^^^^^^^^^^^^^^^^
  File "/home/user/telegramm-bot-es/.venv/lib/python3.11/site-packages/telegram/ext/_extbot.py", line 676, in get_updates
    updates = await super().get_updates(
              ^^^^^^^^^^^^^^^^^^^^^^^^^^
  File "/home/user/telegramm-bot-es/.venv/lib/python3.11/site-packages/telegram/_bot.py", line 4780, in get_updates
    await self._post(
  File "/home/user/telegramm-bot-es/.venv/lib/python3.11/site-packages/telegram/_bot.py", line 703, in _post
    return await self._do_post(
           ^^^^^^^^^^^^^^^^^^^^
  File "/home/user/telegramm-bot-es/.venv/lib/python3.11/site-packages/telegram/ext/_extbot.py", line 372, in _do_post
    return await super()._do_post(
           ^^^^^^^^^^^^^^^^^^^^^^^
  File "/home/user/telegramm-bot-es/.venv/lib/python3.11/site-packages/telegram/_bot.py", line 732, in _do_post
    result = await request.post(
             ^^^^^^^^^^^^^^^^^^^
  File "/home/user/telegramm-bot-es/.venv/lib/python3.11/site-packages/telegram/request/_baserequest.py", line 198, in post
    result = await self._request_wrapper(
             ^^^^^^^^^^^^^^^^^^^^^^^^^^^^
  File "/home/user/telegramm-bot-es/.venv/lib/python3.11/site-packages/telegram/request/_baserequest.py", line 375, in _request_wrapper
    raise exception
telegram.error.Conflict: Conflict: terminated by other getUpdates request; make sure that only one bot instance is running
2025-12-05 20:01:02,076 - httpx - INFO - HTTP Request: POST https://api.telegram.org/bot7635905106:AAHuzxw5lw3fhXHx_8b9Wlw_WwGVxACbKAA/getUpdates "HTTP/1.1 409 Conflict"
2025-12-05 20:01:02,083 - telegram.ext.Application - ERROR - No error handlers are registered, logging exception.
Traceback (most recent call last):
  File "/home/user/telegramm-bot-es/.venv/lib/python3.11/site-packages/telegram/ext/_utils/networkloop.py", line 134, in network_retry_loop
    await do_action()
  File "/home/user/telegramm-bot-es/.venv/lib/python3.11/site-packages/telegram/ext/_utils/networkloop.py", line 127, in do_action
    action_cb_task.result()
  File "/home/user/telegramm-bot-es/.venv/lib/python3.11/site-packages/telegram/ext/_updater.py", line 340, in polling_action_cb
    updates = await self.bot.get_updates(
              ^^^^^^^^^^^^^^^^^^^^^^^^^^^
  File "/home/user/telegramm-bot-es/.venv/lib/python3.11/site-packages/telegram/ext/_extbot.py", line 676, in get_updates
    updates = await super().get_updates(
              ^^^^^^^^^^^^^^^^^^^^^^^^^^
  File "/home/user/telegramm-bot-es/.venv/lib/python3.11/site-packages/telegram/_bot.py", line 4780, in get_updates
    await self._post(
  File "/home/user/telegramm-bot-es/.venv/lib/python3.11/site-packages/telegram/_bot.py", line 703, in _post
    return await self._do_post(
           ^^^^^^^^^^^^^^^^^^^^
  File "/home/user/telegramm-bot-es/.venv/lib/python3.11/site-packages/telegram/ext/_extbot.py", line 372, in _do_post
    return await super()._do_post(
           ^^^^^^^^^^^^^^^^^^^^^^^
  File "/home/user/telegramm-bot-es/.venv/lib/python3.11/site-packages/telegram/_bot.py", line 732, in _do_post
    result = await request.post(
             ^^^^^^^^^^^^^^^^^^^
  File "/home/user/telegramm-bot-es/.venv/lib/python3.11/site-packages/telegram/request/_baserequest.py", line 198, in post
    result = await self._request_wrapper(
             ^^^^^^^^^^^^^^^^^^^^^^^^^^^^
  File "/home/user/telegramm-bot-es/.venv/lib/python3.11/site-packages/telegram/request/_baserequest.py", line 375, in _request_wrapper
    raise exception
telegram.error.Conflict: Conflict: terminated by other getUpdates request; make sure that only one bot instance is running
